#
# There is insufficient memory for the Java Runtime Environment to continue.
# Native memory allocation (mmap) failed to map 536870912 bytes. Error detail: G1 virtual space
# Possible reasons:
#   The system is out of physical RAM or swap space
#   This process is running with CompressedOops enabled, and the Java Heap may be blocking the growth of the native heap
# Possible solutions:
#   Reduce memory load on the system
#   Increase physical memory or swap space
#   Check if swap backing store is full
#   Decrease Java heap size (-Xmx/-Xms)
#   Decrease number of Java threads
#   Decrease Java thread stack sizes (-Xss)
#   Set larger code cache with -XX:ReservedCodeCacheSize=
#   JVM is running with Zero Based Compressed Oops mode in which the Java heap is
#     placed in the first 32GB address space. The Java Heap base address is the
#     maximum limit for the native heap growth. Please use -XX:HeapBaseMinAddress
#     to set the Java Heap base and to place the Java Heap above 32GB virtual address.
# This output file may be truncated or incomplete.
#
#  Out of Memory Error (os_windows.cpp:3690), pid=32436, tid=30840
#
# JRE version:  (21.0.4+7) (build )
# Java VM: OpenJDK 64-Bit Server VM (21.0.4+7-LTS, mixed mode, sharing, tiered, compressed oops, compressed class ptrs, g1 gc, windows-amd64)
# No core dump will be written. Minidumps are not enabled by default on client versions of Windows
#

---------------  S U M M A R Y ------------

Command Line: --module-path=C:\Users\Candi\.m2\repository\org\openjfx\javafx-base\23.0.2\javafx-base-23.0.2-win.jar;C:\Users\Candi\.m2\repository\org\openjfx\javafx-base\23.0.2\javafx-base-23.0.2.jar;C:\Users\Candi\.m2\repository\org\openjfx\javafx-controls\23.0.2\javafx-controls-23.0.2-win.jar;C:\Users\Candi\.m2\repository\org\openjfx\javafx-controls\23.0.2\javafx-controls-23.0.2.jar;C:\Users\Candi\.m2\repository\org\openjfx\javafx-fxml\21\javafx-fxml-21-win.jar;C:\Users\Candi\.m2\repository\org\openjfx\javafx-fxml\21\javafx-fxml-21.jar;C:\Users\Candi\.m2\repository\org\openjfx\javafx-graphics\23.0.2\javafx-graphics-23.0.2-win.jar;C:\Users\Candi\.m2\repository\org\openjfx\javafx-graphics\23.0.2\javafx-graphics-23.0.2.jar --add-modules=javafx.base,javafx.controls,javafx.fxml,javafx.graphics org.app.Main

Host: AMD Ryzen 9 5900X 12-Core Processor            , 24 cores, 31G,  Windows 11 , 64 bit Build 22621 (10.0.22621.4974)
Time: Sun Mar 23 00:52:09 2025 Eastern Daylight Time elapsed time: 0.007562 seconds (0d 0h 0m 0s)

---------------  T H R E A D  ---------------

Current thread (0x0000029d1ce1f670):  JavaThread "Unknown thread" [_thread_in_vm, id=30840, stack(0x000000f1ef900000,0x000000f1efa00000) (1024K)]

Stack: [0x000000f1ef900000,0x000000f1efa00000]
Native frames: (J=compiled Java code, j=interpreted, Vv=VM code, C=native code)
V  [jvm.dll+0x6d2d39]
V  [jvm.dll+0x8ad0b1]
V  [jvm.dll+0x8af5de]
V  [jvm.dll+0x8afcb3]
V  [jvm.dll+0x27fa86]
V  [jvm.dll+0x6cf5d5]
V  [jvm.dll+0x6c39aa]
V  [jvm.dll+0x35a1c8]
V  [jvm.dll+0x361e26]
V  [jvm.dll+0x3b307e]
V  [jvm.dll+0x3b3328]
V  [jvm.dll+0x32e26c]
V  [jvm.dll+0x32edcb]
V  [jvm.dll+0x875f19]
V  [jvm.dll+0x3bfff1]
V  [jvm.dll+0x85f133]
V  [jvm.dll+0x45560e]
V  [jvm.dll+0x457251]
C  [jli.dll+0x52a0]
C  [ucrtbase.dll+0x29333]
C  [KERNEL32.DLL+0x1259d]
C  [ntdll.dll+0x5af38]


---------------  P R O C E S S  ---------------

Threads class SMR info:
_java_thread_list=0x00007fff4526b0c8, length=0, elements={
}

Java Threads: ( => current thread )
Total: 0

Other Threads:
  0x0000029d1cec5940 WorkerThread "GC Thread#0"                     [id=26728, stack(0x000000f1efa00000,0x000000f1efb00000) (1024K)]
  0x0000029d1ced7220 ConcurrentGCThread "G1 Main Marker"            [id=33244, stack(0x000000f1efb00000,0x000000f1efc00000) (1024K)]
  0x0000029d1ced84c0 WorkerThread "G1 Conc#0"                       [id=21248, stack(0x000000f1efc00000,0x000000f1efd00000) (1024K)]

[error occurred during error reporting (printing all threads), id 0xc0000005, EXCEPTION_ACCESS_VIOLATION (0xc0000005) at pc=0x00007fff44970bb7]
VM state: not at safepoint (not fully initialized)

VM Mutex/Monitor currently owned by a thread:  ([mutex/lock_event])
[0x00007fff452df578] Heap_lock - owner thread: 0x0000029d1ce1f670

Heap address: 0x0000000601800000, size: 8168 MB, Compressed Oops mode: Zero based, Oop shift amount: 3

CDS archive(s) mapped at: [0x0000000000000000-0x0000000000000000-0x0000000000000000), size 0, SharedBaseAddress: 0x0000000800000000, ArchiveRelocationMode: 1.
Narrow klass base: 0x0000000000000000, Narrow klass shift: 0, Narrow klass range: 0x0

GC Precious Log:
 CardTable entry size: 512
 Card Set container configuration: InlinePtr #cards 4 size 8 Array Of Cards #cards 32 size 80 Howl #buckets 8 coarsen threshold 7372 Howl Bitmap #cards 1024 size 144 coarsen threshold 921 Card regions per heap region 1 cards per card region 8192

Heap:
 garbage-first heap   total 0K, used 0K [0x0000000601800000, 0x0000000800000000)
  region size 4096K, 0 young (0K), 0 survivors (0K)

[error occurred during error reporting (printing heap information), id 0xc0000005, EXCEPTION_ACCESS_VIOLATION (0xc0000005) at pc=0x00007fff44d5cd39]
GC Heap History (0 events):
No events

Dll operation events (1 events):
Event: 0.005 Loaded shared library C:\Program Files\Microsoft\jdk-21.0.4.7-hotspot\bin\java.dll

Deoptimization events (0 events):
No events

Classes loaded (0 events):
No events

Classes unloaded (0 events):
No events

Classes redefined (0 events):
No events

Internal exceptions (0 events):
No events

ZGC Phase Switch (0 events):
No events

VM Operations (0 events):
No events

Memory protections (0 events):
No events

Nmethod flushes (0 events):
No events

Events (0 events):
No events


Dynamic libraries:
0x00007ff686a80000 - 0x00007ff686a8e000 	C:\Program Files\Microsoft\jdk-21.0.4.7-hotspot\bin\java.exe
0x00007ff8381f0000 - 0x00007ff838407000 	C:\Windows\SYSTEM32\ntdll.dll
0x00007ff837350000 - 0x00007ff837414000 	C:\Windows\System32\KERNEL32.DLL
0x00007ff835850000 - 0x00007ff835c21000 	C:\Windows\System32\KERNELBASE.dll
0x00007ff835360000 - 0x00007ff835471000 	C:\Windows\System32\ucrtbase.dll
0x00007ff816e20000 - 0x00007ff816e38000 	C:\Program Files\Microsoft\jdk-21.0.4.7-hotspot\bin\jli.dll
0x00007ff816e00000 - 0x00007ff816e1d000 	C:\Program Files\Microsoft\jdk-21.0.4.7-hotspot\bin\VCRUNTIME140.dll
0x00007ff8374d0000 - 0x00007ff837681000 	C:\Windows\System32\USER32.dll
0x00007ff835330000 - 0x00007ff835356000 	C:\Windows\System32\win32u.dll
0x00007ff8192a0000 - 0x00007ff819532000 	C:\Windows\WinSxS\amd64_microsoft.windows.common-controls_6595b64144ccf1df_6.0.22621.4830_none_270fe7d773858e80\COMCTL32.dll
0x00007ff836430000 - 0x00007ff836459000 	C:\Windows\System32\GDI32.dll
0x00007ff837420000 - 0x00007ff8374c7000 	C:\Windows\System32\msvcrt.dll
0x00007ff835cb0000 - 0x00007ff835dcb000 	C:\Windows\System32\gdi32full.dll
0x00007ff835730000 - 0x00007ff8357ca000 	C:\Windows\System32\msvcp_win.dll
0x00007ff837830000 - 0x00007ff837861000 	C:\Windows\System32\IMM32.DLL
0x00007ff817600000 - 0x00007ff81760c000 	C:\Program Files\Microsoft\jdk-21.0.4.7-hotspot\bin\vcruntime140_1.dll
0x00007ff8131e0000 - 0x00007ff81326d000 	C:\Program Files\Microsoft\jdk-21.0.4.7-hotspot\bin\msvcp140.dll
0x00007fff44630000 - 0x00007fff453c0000 	C:\Program Files\Microsoft\jdk-21.0.4.7-hotspot\bin\server\jvm.dll
0x00007ff837a40000 - 0x00007ff837af1000 	C:\Windows\System32\ADVAPI32.dll
0x00007ff837780000 - 0x00007ff837827000 	C:\Windows\System32\sechost.dll
0x00007ff835e90000 - 0x00007ff835eb8000 	C:\Windows\System32\bcrypt.dll
0x00007ff837070000 - 0x00007ff837184000 	C:\Windows\System32\RPCRT4.dll
0x00007ff8364e0000 - 0x00007ff836551000 	C:\Windows\System32\WS2_32.dll
0x00007ff8341e0000 - 0x00007ff83422d000 	C:\Windows\SYSTEM32\POWRPROF.dll
0x00007ff82da10000 - 0x00007ff82da44000 	C:\Windows\SYSTEM32\WINMM.dll
0x00007ff82b340000 - 0x00007ff82b34a000 	C:\Windows\SYSTEM32\VERSION.dll
0x00007ff8341c0000 - 0x00007ff8341d3000 	C:\Windows\SYSTEM32\UMPDC.dll
0x00007ff834470000 - 0x00007ff834488000 	C:\Windows\SYSTEM32\kernel.appcore.dll
0x00007ff8155c0000 - 0x00007ff8155ca000 	C:\Program Files\Microsoft\jdk-21.0.4.7-hotspot\bin\jimage.dll
0x00007ff82cac0000 - 0x00007ff82ccf2000 	C:\Windows\SYSTEM32\DBGHELP.DLL
0x00007ff835ff0000 - 0x00007ff836380000 	C:\Windows\System32\combase.dll
0x00007ff8376a0000 - 0x00007ff837777000 	C:\Windows\System32\OLEAUT32.dll
0x00007ff818a60000 - 0x00007ff818a92000 	C:\Windows\SYSTEM32\dbgcore.DLL
0x00007ff8357d0000 - 0x00007ff83584b000 	C:\Windows\System32\bcryptPrimitives.dll
0x00007ff814760000 - 0x00007ff814780000 	C:\Program Files\Microsoft\jdk-21.0.4.7-hotspot\bin\java.dll

dbghelp: loaded successfully - version: 4.0.5 - missing functions: none
symbol engine: initialized successfully - sym options: 0x614 - pdb path: .;C:\Program Files\Microsoft\jdk-21.0.4.7-hotspot\bin;C:\Windows\SYSTEM32;C:\Windows\WinSxS\amd64_microsoft.windows.common-controls_6595b64144ccf1df_6.0.22621.4830_none_270fe7d773858e80;C:\Program Files\Microsoft\jdk-21.0.4.7-hotspot\bin\server

VM Arguments:
jvm_args: --module-path=C:\Users\Candi\.m2\repository\org\openjfx\javafx-base\23.0.2\javafx-base-23.0.2-win.jar;C:\Users\Candi\.m2\repository\org\openjfx\javafx-base\23.0.2\javafx-base-23.0.2.jar;C:\Users\Candi\.m2\repository\org\openjfx\javafx-controls\23.0.2\javafx-controls-23.0.2-win.jar;C:\Users\Candi\.m2\repository\org\openjfx\javafx-controls\23.0.2\javafx-controls-23.0.2.jar;C:\Users\Candi\.m2\repository\org\openjfx\javafx-fxml\21\javafx-fxml-21-win.jar;C:\Users\Candi\.m2\repository\org\openjfx\javafx-fxml\21\javafx-fxml-21.jar;C:\Users\Candi\.m2\repository\org\openjfx\javafx-graphics\23.0.2\javafx-graphics-23.0.2-win.jar;C:\Users\Candi\.m2\repository\org\openjfx\javafx-graphics\23.0.2\javafx-graphics-23.0.2.jar --add-modules=javafx.base,javafx.controls,javafx.fxml,javafx.graphics 
java_command: org.app.Main
java_class_path (initial): C:\Capstone Java\CEC\target\classes;C:\Users\Candi\.m2\repository\com\github\jiconfont\jiconfont\1.0.0\jiconfont-1.0.0.jar;C:\Users\Candi\.m2\repository\com\github\jiconfont\jiconfont-javafx\1.0.0\jiconfont-javafx-1.0.0.jar;C:\Users\Candi\.m2\repository\junit\junit\4.13.1\junit-4.13.1.jar;C:\Users\Candi\.m2\repository\org\hamcrest\hamcrest-core\1.3\hamcrest-core-1.3.jar;C:\Users\Candi\.m2\repository\org\xerial\sqlite-jdbc\3.42.0.0\sqlite-jdbc-3.42.0.0.jar;C:\Users\Candi\.m2\repository\site\kason\dbutil\2.1.0\dbutil-2.1.0.jar;C:\Users\Candi\.m2\repository\site\kason\kalang\kalang-runtime\1.10.0\kalang-runtime-1.10.0.jar
Launcher Type: SUN_STANDARD

[Global flags]
     intx CICompilerCount                          = 12                                        {product} {ergonomic}
     uint ConcGCThreads                            = 5                                         {product} {ergonomic}
     uint G1ConcRefinementThreads                  = 18                                        {product} {ergonomic}
   size_t G1HeapRegionSize                         = 4194304                                   {product} {ergonomic}
    uintx GCDrainStackTargetSize                   = 64                                        {product} {ergonomic}
   size_t InitialHeapSize                          = 536870912                                 {product} {ergonomic}
   size_t MarkStackSize                            = 4194304                                   {product} {ergonomic}
   size_t MaxHeapSize                              = 8564768768                                {product} {ergonomic}
   size_t MinHeapDeltaBytes                        = 4194304                                   {product} {ergonomic}
   size_t MinHeapSize                              = 8388608                                   {product} {ergonomic}
    uintx NonNMethodCodeHeapSize                   = 7602480                                {pd product} {ergonomic}
    uintx NonProfiledCodeHeapSize                  = 122027880                              {pd product} {ergonomic}
    uintx ProfiledCodeHeapSize                     = 122027880                              {pd product} {ergonomic}
    uintx ReservedCodeCacheSize                    = 251658240                              {pd product} {ergonomic}
     bool SegmentedCodeCache                       = true                                      {product} {ergonomic}
   size_t SoftMaxHeapSize                          = 8564768768                             {manageable} {ergonomic}
     bool UseCompressedOops                        = true                           {product lp64_product} {ergonomic}
     bool UseG1GC                                  = true                                      {product} {ergonomic}
     bool UseLargePagesIndividualAllocation        = false                                  {pd product} {ergonomic}

Logging:
Log output configuration:
 #0: stdout all=warning uptime,level,tags foldmultilines=false
 #1: stderr all=off uptime,level,tags foldmultilines=false

Environment Variables:
PATH=C:\Program Files\Microsoft\jdk-21.0.4.7-hotspot\bin;C:\Windows\system32;C:\Windows;C:\Windows\System32\Wbem;C:\Windows\System32\WindowsPowerShell\v1.0\;C:\Windows\System32\OpenSSH\;C:\Program Files (x86)\NVIDIA Corporation\PhysX\Common;C:\Program Files\dotnet\;C:\Program Files (x86)\Microsoft SQL Server\160\Tools\Binn\;C:\Program Files\Microsoft SQL Server\160\Tools\Binn\;C:\Program Files\Microsoft SQL Server\Client SDK\ODBC\170\Tools\Binn\;C:\Program Files\Microsoft SQL Server\160\DTS\Binn\;C:\Program Files (x86)\Microsoft SQL Server\160\DTS\Binn\;C:\Program Files\Git\cmd;C:\Program Files\NVIDIA Corporation\NVIDIA app\NvDLISR;C:\Capstone Java\SQLite;C:\Users\Candi\AppData\Local\Microsoft\WindowsApps;C:\Users\Candi\.dotnet\tools;C:\Users\Candi\AppData\Local\Programs\Microsoft VS Code\bin;C:\Capstone Java\CapstoneProject\apache-maven-3.9.9\bin;
USERNAME=Candi
OS=Windows_NT
PROCESSOR_IDENTIFIER=AMD64 Family 25 Model 33 Stepping 2, AuthenticAMD
TMP=C:\Users\Candi\AppData\Local\Temp
TEMP=C:\Users\Candi\AppData\Local\Temp




Periodic native trim disabled

---------------  S Y S T E M  ---------------

OS:
 Windows 11 , 64 bit Build 22621 (10.0.22621.4974)
OS uptime: 0 days 12:13 hours

CPU: total 24 (initial active 24) (24 cores per cpu, 2 threads per core) family 25 model 33 stepping 2 microcode 0x0, cx8, cmov, fxsr, ht, mmx, 3dnowpref, sse, sse2, sse3, ssse3, sse4a, sse4.1, sse4.2, popcnt, lzcnt, tsc, tscinvbit, avx, avx2, aes, erms, clmul, bmi1, bmi2, adx, sha, fma, vzeroupper, clflush, clflushopt, rdtscp, rdpid, fsrm, f16c, pku, cet_ss
Processor Information for the first 24 processors :
  Max Mhz: 3701, Current Mhz: 3701, Mhz Limit: 3701

Memory: 4k page, system-wide physical 32670M (10668M free)
TotalPageFile size 40670M (AvailPageFile size 512M)
current process WorkingSet (physical memory assigned to process): 12M, peak: 12M
current process commit charge ("private bytes"): 81M, peak: 593M

vm_info: OpenJDK 64-Bit Server VM (21.0.4+7-LTS) for windows-amd64 JRE (21.0.4+7-LTS), built on 2024-07-16T17:40:50Z by "MicrosoftCorporation" with unknown MS VC++:1939

END.
