#
# There is insufficient memory for the Java Runtime Environment to continue.
# Native memory allocation (mmap) failed to map 65536 bytes. Error detail: Failed to commit metaspace.
# Possible reasons:
#   The system is out of physical RAM or swap space
#   This process is running with CompressedOops enabled, and the Java Heap may be blocking the growth of the native heap
# Possible solutions:
#   Reduce memory load on the system
#   Increase physical memory or swap space
#   Check if swap backing store is full
#   Decrease Java heap size (-Xmx/-Xms)
#   Decrease number of Java threads
#   Decrease Java thread stack sizes (-Xss)
#   Set larger code cache with -XX:ReservedCodeCacheSize=
#   JVM is running with Zero Based Compressed Oops mode in which the Java heap is
#     placed in the first 32GB address space. The Java Heap base address is the
#     maximum limit for the native heap growth. Please use -XX:HeapBaseMinAddress
#     to set the Java Heap base and to place the Java Heap above 32GB virtual address.
# This output file may be truncated or incomplete.
#
#  Out of Memory Error (virtualSpaceNode.cpp:113), pid=31212, tid=8424
#
# JRE version: OpenJDK Runtime Environment Microsoft-9889606 (21.0.4+7) (build 21.0.4+7-LTS)
# Java VM: OpenJDK 64-Bit Server VM Microsoft-9889606 (21.0.4+7-LTS, mixed mode, sharing, tiered, compressed oops, compressed class ptrs, g1 gc, windows-amd64)
# No core dump will be written. Minidumps are not enabled by default on client versions of Windows
#

---------------  S U M M A R Y ------------

Command Line: -Dmaven.multiModuleProjectDirectory=C:\Capstone Java\CEC -Djansi.passthrough=true -Dmaven.home=C:\Program Files\JetBrains\IntelliJ IDEA Community Edition 2024.3.2.2\plugins\maven\lib\maven3 -Dclassworlds.conf=C:\Program Files\JetBrains\IntelliJ IDEA Community Edition 2024.3.2.2\plugins\maven\lib\maven3\bin\m2.conf -Dmaven.ext.class.path=C:\Program Files\JetBrains\IntelliJ IDEA Community Edition 2024.3.2.2\plugins\maven\lib\maven-event-listener.jar -javaagent:C:\Program Files\JetBrains\IntelliJ IDEA Community Edition 2024.3.2.2\lib\idea_rt.jar=59045 -Dfile.encoding=UTF-8 -Dsun.stdout.encoding=UTF-8 -Dsun.stderr.encoding=UTF-8 org.codehaus.classworlds.Launcher -Didea.version=2024.3.5 org.openjfx:javafx-maven-plugin:0.0.8:run

Host: AMD Ryzen 9 5900X 12-Core Processor            , 24 cores, 31G,  Windows 11 , 64 bit Build 22621 (10.0.22621.4974)
Time: Sun Mar 23 00:49:18 2025 Eastern Daylight Time elapsed time: 0.100092 seconds (0d 0h 0m 0s)

---------------  T H R E A D  ---------------

Current thread (0x00000212d5393990):  JavaThread "main"             [_thread_in_vm, id=8424, stack(0x00000098b2200000,0x00000098b2300000) (1024K)]

Stack: [0x00000098b2200000,0x00000098b2300000]
Native frames: (J=compiled Java code, j=interpreted, Vv=VM code, C=native code)
V  [jvm.dll+0x6d2d39]
V  [jvm.dll+0x8ad0b1]
V  [jvm.dll+0x8af5de]
V  [jvm.dll+0x8afcb3]
V  [jvm.dll+0x27fa86]
V  [jvm.dll+0x8a8dee]
V  [jvm.dll+0x6751b5]
V  [jvm.dll+0x67521a]
V  [jvm.dll+0x677a06]
V  [jvm.dll+0x6778d2]
V  [jvm.dll+0x675b6e]
V  [jvm.dll+0x26aa80]
V  [jvm.dll+0x2162cb]
V  [jvm.dll+0x20bb0e]
V  [jvm.dll+0x5b330a]
V  [jvm.dll+0x21d40a]
V  [jvm.dll+0x8256cc]
V  [jvm.dll+0x826714]
V  [jvm.dll+0x826f00]
V  [jvm.dll+0x216b7a]
V  [jvm.dll+0x20bb27]
V  [jvm.dll+0x5b330a]
V  [jvm.dll+0x21d40a]
V  [jvm.dll+0x8256cc]
V  [jvm.dll+0x826714]
V  [jvm.dll+0x826f00]
V  [jvm.dll+0x216b7a]
V  [jvm.dll+0x20bb27]
V  [jvm.dll+0x5b330a]
V  [jvm.dll+0x21d40a]
V  [jvm.dll+0x8256cc]
V  [jvm.dll+0x826714]
V  [jvm.dll+0x826ce2]
V  [jvm.dll+0x826968]
V  [jvm.dll+0x26d0cb]
V  [jvm.dll+0x3d876e]
C  0x00000212e4eca97f

The last pc belongs to new (printed below).
Java frames: (J=compiled Java code, j=interpreted, Vv=VM code)
j  sun.net.www.protocol.file.Handler.createFileURLConnection(Ljava/net/URL;Ljava/io/File;)Ljava/net/URLConnection;+0 java.base@21.0.4
j  sun.net.www.protocol.file.Handler.openConnection(Ljava/net/URL;Ljava/net/Proxy;)Ljava/net/URLConnection;+79 java.base@21.0.4
j  sun.net.www.protocol.file.Handler.openConnection(Ljava/net/URL;)Ljava/net/URLConnection;+3 java.base@21.0.4
j  java.net.URL.openConnection()Ljava/net/URLConnection;+5 java.base@21.0.4
j  java.net.URLClassLoader.getPermissions(Ljava/security/CodeSource;)Ljava/security/PermissionCollection;+12 java.base@21.0.4
j  java.security.SecureClassLoader$1.apply(Ljava/security/SecureClassLoader$CodeSourceKey;)Ljava/security/ProtectionDomain;+8 java.base@21.0.4
j  java.security.SecureClassLoader$1.apply(Ljava/lang/Object;)Ljava/lang/Object;+5 java.base@21.0.4
j  java.util.concurrent.ConcurrentHashMap.computeIfAbsent(Ljava/lang/Object;Ljava/util/function/Function;)Ljava/lang/Object;+115 java.base@21.0.4
j  java.security.SecureClassLoader.getProtectionDomain(Ljava/security/CodeSource;)Ljava/security/ProtectionDomain;+28 java.base@21.0.4
j  java.security.SecureClassLoader.defineClass(Ljava/lang/String;[BIILjava/security/CodeSource;)Ljava/lang/Class;+9 java.base@21.0.4
j  java.net.URLClassLoader.defineClass(Ljava/lang/String;Ljdk/internal/loader/Resource;)Ljava/lang/Class;+220 java.base@21.0.4
j  java.net.URLClassLoader$1.run()Ljava/lang/Class;+43 java.base@21.0.4
j  java.net.URLClassLoader$1.run()Ljava/lang/Object;+1 java.base@21.0.4
j  java.security.AccessController.executePrivileged(Ljava/security/PrivilegedExceptionAction;Ljava/security/AccessControlContext;Ljava/lang/Class;)Ljava/lang/Object;+29 java.base@21.0.4
j  java.security.AccessController.doPrivileged(Ljava/security/PrivilegedExceptionAction;Ljava/security/AccessControlContext;)Ljava/lang/Object;+13 java.base@21.0.4
j  java.net.URLClassLoader.findClass(Ljava/lang/String;)Ljava/lang/Class;+13 java.base@21.0.4
j  org.codehaus.plexus.classworlds.realm.ClassRealm.findClassInternal(Ljava/lang/String;)Ljava/lang/Class;+2
j  org.codehaus.plexus.classworlds.realm.ClassRealm.loadClassFromSelf(Ljava/lang/String;)Ljava/lang/Class;+20
j  org.codehaus.plexus.classworlds.strategy.SelfFirstStrategy.loadClass(Ljava/lang/String;)Ljava/lang/Class;+18
j  org.codehaus.plexus.classworlds.realm.ClassRealm.unsynchronizedLoadClass(Ljava/lang/String;Z)Ljava/lang/Class;+13
j  org.codehaus.plexus.classworlds.realm.ClassRealm.loadClass(Ljava/lang/String;Z)Ljava/lang/Class;+9
j  org.codehaus.plexus.classworlds.realm.ClassRealm.loadClass(Ljava/lang/String;)Ljava/lang/Class;+3
j  org.codehaus.plexus.classworlds.launcher.Launcher.getMainClass()Ljava/lang/Class;+8
j  org.codehaus.plexus.classworlds.launcher.Launcher.launchEnhanced([Ljava/lang/String;)V+6
j  org.codehaus.plexus.classworlds.launcher.Launcher.launch([Ljava/lang/String;)V+2
j  org.codehaus.plexus.classworlds.launcher.Launcher.mainWithExitCode([Ljava/lang/String;)I+108
j  org.codehaus.plexus.classworlds.launcher.Launcher.main([Ljava/lang/String;)V+1
j  org.codehaus.classworlds.Launcher.main([Ljava/lang/String;)V+1
v  ~StubRoutines::call_stub 0x00000212e4eb100d
new  187 new  [0x00000212e4eca800, 0x00000212e4ecaa08]  520 bytes
[MachCode]
  0x00000212e4eca800: 4883 ec08 | c5fa 1104 | 24eb 1f48 | 83ec 10c5 | fb11 0424 | eb14 4883 | ec10 4889 | 0424 48c7 
  0x00000212e4eca820: 4424 0800 | 0000 00eb | 0150 410f | b755 010f | cac1 ea10 | 488b 4de8 | 488b 4908 | 488b 4908 
  0x00000212e4eca840: 488b 4108 | 807c 1004 | 070f 85d3 | 0000 0066 | 8b54 d148 | 488b 4928 | 488b 4cd1 | 0851 80b9 
  0x00000212e4eca860: 2001 0000 | 050f 85b6 | 0000 008b | 5108 f6c2 | 010f 85aa | 0000 0049 | 8b87 b801 | 0000 488d 
  0x00000212e4eca880: 1c10 493b | 9fc8 0100 | 000f 8792 | 0000 0049 | 899f b801 | 0000 4883 | ea10 0f84 | 0f00 0000 
  0x00000212e4eca8a0: 33c9 c1ea | 0348 894c | d008 48ff | ca75 f648 | c700 0100 | 0000 5933 | f689 700c | 49ba 0000 
  0x00000212e4eca8c0: 0080 1202 | 0000 492b | ca89 4808 | 49ba b96b | 2c45 ff7f | 0000 4180 | 3a00 0f84 | 3c00 0000 
  0x00000212e4eca8e0: 5048 8bc8 | 4883 ec20 | 40f6 c40f | 0f84 1900 | 0000 4883 | ec08 48b8 | 709d d644 | ff7f 0000 
  0x00000212e4eca900: ffd0 4883 | c408 e90c | 0000 0048 | b870 9dd6 | 44ff 7f00 | 00ff d048 | 83c4 2058 | e9cb 0000 
  0x00000212e4eca920: 0059 488b | 55e8 488b | 5208 488b | 5208 450f | b745 0141 | 0fc8 41c1 | e810 e805 | 0000 00e9 
  0x00000212e4eca940: a800 0000 | 488d 4424 | 084c 896d | c049 8bcf | c5f8 7749 | 89af a803 | 0000 4989 | 8798 0300 
  0x00000212e4eca960: 0048 83ec | 2040 f6c4 | 0f0f 8419 | 0000 0048 | 83ec 0848 | b820 87a0 | 44ff 7f00 | 00ff d048 
  0x00000212e4eca980: 83c4 08e9 | 0c00 0000 | 48b8 2087 | a044 ff7f | 0000 ffd0 | 4883 c420 | 49c7 8798 | 0300 0000 
  0x00000212e4eca9a0: 0000 0049 | c787 a803 | 0000 0000 | 0000 49c7 | 87a0 0300 | 0000 0000 | 00c5 f877 | 4983 7f08 
  0x00000212e4eca9c0: 000f 8405 | 0000 00e9 | 3465 feff | 498b 87f0 | 0300 0049 | c787 f003 | 0000 0000 | 0000 4c8b 
  0x00000212e4eca9e0: 6dc0 4c8b | 75c8 4e8d | 74f5 00c3 | 410f b65d | 0349 83c5 | 0349 bab0 | 322f 45ff | 7f00 0041 
  0x00000212e4ecaa00: ff24 da0f | 1f44 0000 
[/MachCode]

---------------  P R O C E S S  ---------------

Threads class SMR info:
_java_thread_list=0x00000212fb0c18d0, length=16, elements={
0x00000212d5393990, 0x00000212f7aedc60, 0x00000212f7aef8d0, 0x00000212f7af7860,
0x00000212f7af84d0, 0x00000212faeb2680, 0x00000212faeb2d10, 0x00000212faebe740,
0x00000212faedf5a0, 0x00000212faf9c1a0, 0x00000212faeb33a0, 0x00000212fb053050,
0x00000212faeb3a30, 0x00000212faeb40c0, 0x00000212fb1ef200, 0x00000212fb16b0b0
}

Java Threads: ( => current thread )
=>0x00000212d5393990 JavaThread "main"                              [_thread_in_vm, id=8424, stack(0x00000098b2200000,0x00000098b2300000) (1024K)]
  0x00000212f7aedc60 JavaThread "Reference Handler"          daemon [_thread_blocked, id=20084, stack(0x00000098b2a00000,0x00000098b2b00000) (1024K)]
  0x00000212f7aef8d0 JavaThread "Finalizer"                  daemon [_thread_blocked, id=33692, stack(0x00000098b2b00000,0x00000098b2c00000) (1024K)]
  0x00000212f7af7860 JavaThread "Signal Dispatcher"          daemon [_thread_blocked, id=28836, stack(0x00000098b2c00000,0x00000098b2d00000) (1024K)]
  0x00000212f7af84d0 JavaThread "Attach Listener"            daemon [_thread_blocked, id=27904, stack(0x00000098b2d00000,0x00000098b2e00000) (1024K)]
  0x00000212faeb2680 JavaThread "Service Thread"             daemon [_thread_blocked, id=33140, stack(0x00000098b2e00000,0x00000098b2f00000) (1024K)]
  0x00000212faeb2d10 JavaThread "Monitor Deflation Thread"   daemon [_thread_blocked, id=33108, stack(0x00000098b2f00000,0x00000098b3000000) (1024K)]
  0x00000212faebe740 JavaThread "C2 CompilerThread0"         daemon [_thread_blocked, id=19372, stack(0x00000098b3000000,0x00000098b3100000) (1024K)]
  0x00000212faedf5a0 JavaThread "C1 CompilerThread0"         daemon [_thread_blocked, id=27360, stack(0x00000098b3100000,0x00000098b3200000) (1024K)]
  0x00000212faf9c1a0 JavaThread "C1 CompilerThread1"         daemon [_thread_blocked, id=28524, stack(0x00000098b3200000,0x00000098b3300000) (1024K)]
  0x00000212faeb33a0 JavaThread "Common-Cleaner"             daemon [_thread_blocked, id=32308, stack(0x00000098b3300000,0x00000098b3400000) (1024K)]
  0x00000212fb053050 JavaThread "C1 CompilerThread2"         daemon [_thread_blocked, id=9224, stack(0x00000098b3400000,0x00000098b3500000) (1024K)]
  0x00000212faeb3a30 JavaThread "Monitor Ctrl-Break"         daemon [_thread_in_native, id=29448, stack(0x00000098b3500000,0x00000098b3600000) (1024K)]
  0x00000212faeb40c0 JavaThread "Notification Thread"        daemon [_thread_blocked, id=31628, stack(0x00000098b3600000,0x00000098b3700000) (1024K)]
  0x00000212fb1ef200 JavaThread "C2 CompilerThread1"         daemon [_thread_blocked, id=29236, stack(0x00000098b3700000,0x00000098b3800000) (1024K)]
  0x00000212fb16b0b0 JavaThread "C2 CompilerThread2"         daemon [_thread_blocked, id=21608, stack(0x00000098b3800000,0x00000098b3900000) (1024K)]
Total: 16

Other Threads:
  0x00000212f7ad2180 VMThread "VM Thread"                           [id=28324, stack(0x00000098b2900000,0x00000098b2a00000) (1024K)]
  0x00000212faeb1270 WatcherThread "VM Periodic Task Thread"        [id=26540, stack(0x00000098b2800000,0x00000098b2900000) (1024K)]
  0x00000212d53fcd60 WorkerThread "GC Thread#0"                     [id=33356, stack(0x00000098b2300000,0x00000098b2400000) (1024K)]
  0x00000212d540dde0 ConcurrentGCThread "G1 Main Marker"            [id=30036, stack(0x00000098b2400000,0x00000098b2500000) (1024K)]
  0x00000212d540f080 WorkerThread "G1 Conc#0"                       [id=27040, stack(0x00000098b2500000,0x00000098b2600000) (1024K)]
  0x00000212f79fd9f0 ConcurrentGCThread "G1 Refine#0"               [id=32684, stack(0x00000098b2600000,0x00000098b2700000) (1024K)]
  0x00000212f7a00570 ConcurrentGCThread "G1 Service"                [id=27688, stack(0x00000098b2700000,0x00000098b2800000) (1024K)]
Total: 7

Threads with active compile tasks:
Total: 0

VM state: not at safepoint (normal execution)

VM Mutex/Monitor currently owned by a thread:  ([mutex/lock_event])
[0x00007fff452dd3f8] Metaspace_lock - owner thread: 0x00000212d5393990

Heap address: 0x0000000601800000, size: 8168 MB, Compressed Oops mode: Zero based, Oop shift amount: 3

CDS archive(s) mapped at: [0x0000021280000000-0x0000021280c90000-0x0000021280c90000), size 13172736, SharedBaseAddress: 0x0000021280000000, ArchiveRelocationMode: 1.
Compressed class space mapped at: 0x0000021281000000-0x00000212c1000000, reserved size: 1073741824
Narrow klass base: 0x0000021280000000, Narrow klass shift: 0, Narrow klass range: 0x100000000

GC Precious Log:
 CardTable entry size: 512
 Card Set container configuration: InlinePtr #cards 4 size 8 Array Of Cards #cards 32 size 80 Howl #buckets 8 coarsen threshold 7372 Howl Bitmap #cards 1024 size 144 coarsen threshold 921 Card regions per heap region 1 cards per card region 8192
 CPUs: 24 total, 24 available
 Memory: 32670M
 Large Page Support: Disabled
 NUMA Support: Disabled
 Compressed Oops: Enabled (Zero based)
 Heap Region Size: 4M
 Heap Min Capacity: 8M
 Heap Initial Capacity: 512M
 Heap Max Capacity: 8168M
 Pre-touch: Disabled
 Parallel Workers: 18
 Concurrent Workers: 5
 Concurrent Refinement Workers: 18
 Periodic GC: Disabled

Heap:
 garbage-first heap   total 524288K, used 4096K [0x0000000601800000, 0x0000000800000000)
  region size 4096K, 2 young (8192K), 0 survivors (0K)
 Metaspace       used 1144K, committed 1280K, reserved 1114112K
  class space    used 95K, committed 192K, reserved 1048576K

Heap Regions: E=young(eden), S=young(survivor), O=old, HS=humongous(starts), HC=humongous(continues), CS=collection set, F=free, TAMS=top-at-mark-start, PB=parsable bottom
|   0|0x0000000601800000, 0x0000000601800000, 0x0000000601c00000|  0%| F|  |TAMS 0x0000000601800000| PB 0x0000000601800000| Untracked 
|   1|0x0000000601c00000, 0x0000000601c00000, 0x0000000602000000|  0%| F|  |TAMS 0x0000000601c00000| PB 0x0000000601c00000| Untracked 
|   2|0x0000000602000000, 0x0000000602000000, 0x0000000602400000|  0%| F|  |TAMS 0x0000000602000000| PB 0x0000000602000000| Untracked 
|   3|0x0000000602400000, 0x0000000602400000, 0x0000000602800000|  0%| F|  |TAMS 0x0000000602400000| PB 0x0000000602400000| Untracked 
|   4|0x0000000602800000, 0x0000000602800000, 0x0000000602c00000|  0%| F|  |TAMS 0x0000000602800000| PB 0x0000000602800000| Untracked 
|   5|0x0000000602c00000, 0x0000000602c00000, 0x0000000603000000|  0%| F|  |TAMS 0x0000000602c00000| PB 0x0000000602c00000| Untracked 
|   6|0x0000000603000000, 0x0000000603000000, 0x0000000603400000|  0%| F|  |TAMS 0x0000000603000000| PB 0x0000000603000000| Untracked 
|   7|0x0000000603400000, 0x0000000603400000, 0x0000000603800000|  0%| F|  |TAMS 0x0000000603400000| PB 0x0000000603400000| Untracked 
|   8|0x0000000603800000, 0x0000000603800000, 0x0000000603c00000|  0%| F|  |TAMS 0x0000000603800000| PB 0x0000000603800000| Untracked 
|   9|0x0000000603c00000, 0x0000000603c00000, 0x0000000604000000|  0%| F|  |TAMS 0x0000000603c00000| PB 0x0000000603c00000| Untracked 
|  10|0x0000000604000000, 0x0000000604000000, 0x0000000604400000|  0%| F|  |TAMS 0x0000000604000000| PB 0x0000000604000000| Untracked 
|  11|0x0000000604400000, 0x0000000604400000, 0x0000000604800000|  0%| F|  |TAMS 0x0000000604400000| PB 0x0000000604400000| Untracked 
|  12|0x0000000604800000, 0x0000000604800000, 0x0000000604c00000|  0%| F|  |TAMS 0x0000000604800000| PB 0x0000000604800000| Untracked 
|  13|0x0000000604c00000, 0x0000000604c00000, 0x0000000605000000|  0%| F|  |TAMS 0x0000000604c00000| PB 0x0000000604c00000| Untracked 
|  14|0x0000000605000000, 0x0000000605000000, 0x0000000605400000|  0%| F|  |TAMS 0x0000000605000000| PB 0x0000000605000000| Untracked 
|  15|0x0000000605400000, 0x0000000605400000, 0x0000000605800000|  0%| F|  |TAMS 0x0000000605400000| PB 0x0000000605400000| Untracked 
|  16|0x0000000605800000, 0x0000000605800000, 0x0000000605c00000|  0%| F|  |TAMS 0x0000000605800000| PB 0x0000000605800000| Untracked 
|  17|0x0000000605c00000, 0x0000000605c00000, 0x0000000606000000|  0%| F|  |TAMS 0x0000000605c00000| PB 0x0000000605c00000| Untracked 
|  18|0x0000000606000000, 0x0000000606000000, 0x0000000606400000|  0%| F|  |TAMS 0x0000000606000000| PB 0x0000000606000000| Untracked 
|  19|0x0000000606400000, 0x0000000606400000, 0x0000000606800000|  0%| F|  |TAMS 0x0000000606400000| PB 0x0000000606400000| Untracked 
|  20|0x0000000606800000, 0x0000000606800000, 0x0000000606c00000|  0%| F|  |TAMS 0x0000000606800000| PB 0x0000000606800000| Untracked 
|  21|0x0000000606c00000, 0x0000000606c00000, 0x0000000607000000|  0%| F|  |TAMS 0x0000000606c00000| PB 0x0000000606c00000| Untracked 
|  22|0x0000000607000000, 0x0000000607000000, 0x0000000607400000|  0%| F|  |TAMS 0x0000000607000000| PB 0x0000000607000000| Untracked 
|  23|0x0000000607400000, 0x0000000607400000, 0x0000000607800000|  0%| F|  |TAMS 0x0000000607400000| PB 0x0000000607400000| Untracked 
|  24|0x0000000607800000, 0x0000000607800000, 0x0000000607c00000|  0%| F|  |TAMS 0x0000000607800000| PB 0x0000000607800000| Untracked 
|  25|0x0000000607c00000, 0x0000000607c00000, 0x0000000608000000|  0%| F|  |TAMS 0x0000000607c00000| PB 0x0000000607c00000| Untracked 
|  26|0x0000000608000000, 0x0000000608000000, 0x0000000608400000|  0%| F|  |TAMS 0x0000000608000000| PB 0x0000000608000000| Untracked 
|  27|0x0000000608400000, 0x0000000608400000, 0x0000000608800000|  0%| F|  |TAMS 0x0000000608400000| PB 0x0000000608400000| Untracked 
|  28|0x0000000608800000, 0x0000000608800000, 0x0000000608c00000|  0%| F|  |TAMS 0x0000000608800000| PB 0x0000000608800000| Untracked 
|  29|0x0000000608c00000, 0x0000000608c00000, 0x0000000609000000|  0%| F|  |TAMS 0x0000000608c00000| PB 0x0000000608c00000| Untracked 
|  30|0x0000000609000000, 0x0000000609000000, 0x0000000609400000|  0%| F|  |TAMS 0x0000000609000000| PB 0x0000000609000000| Untracked 
|  31|0x0000000609400000, 0x0000000609400000, 0x0000000609800000|  0%| F|  |TAMS 0x0000000609400000| PB 0x0000000609400000| Untracked 
|  32|0x0000000609800000, 0x0000000609800000, 0x0000000609c00000|  0%| F|  |TAMS 0x0000000609800000| PB 0x0000000609800000| Untracked 
|  33|0x0000000609c00000, 0x0000000609c00000, 0x000000060a000000|  0%| F|  |TAMS 0x0000000609c00000| PB 0x0000000609c00000| Untracked 
|  34|0x000000060a000000, 0x000000060a000000, 0x000000060a400000|  0%| F|  |TAMS 0x000000060a000000| PB 0x000000060a000000| Untracked 
|  35|0x000000060a400000, 0x000000060a400000, 0x000000060a800000|  0%| F|  |TAMS 0x000000060a400000| PB 0x000000060a400000| Untracked 
|  36|0x000000060a800000, 0x000000060a800000, 0x000000060ac00000|  0%| F|  |TAMS 0x000000060a800000| PB 0x000000060a800000| Untracked 
|  37|0x000000060ac00000, 0x000000060ac00000, 0x000000060b000000|  0%| F|  |TAMS 0x000000060ac00000| PB 0x000000060ac00000| Untracked 
|  38|0x000000060b000000, 0x000000060b000000, 0x000000060b400000|  0%| F|  |TAMS 0x000000060b000000| PB 0x000000060b000000| Untracked 
|  39|0x000000060b400000, 0x000000060b400000, 0x000000060b800000|  0%| F|  |TAMS 0x000000060b400000| PB 0x000000060b400000| Untracked 
|  40|0x000000060b800000, 0x000000060b800000, 0x000000060bc00000|  0%| F|  |TAMS 0x000000060b800000| PB 0x000000060b800000| Untracked 
|  41|0x000000060bc00000, 0x000000060bc00000, 0x000000060c000000|  0%| F|  |TAMS 0x000000060bc00000| PB 0x000000060bc00000| Untracked 
|  42|0x000000060c000000, 0x000000060c000000, 0x000000060c400000|  0%| F|  |TAMS 0x000000060c000000| PB 0x000000060c000000| Untracked 
|  43|0x000000060c400000, 0x000000060c400000, 0x000000060c800000|  0%| F|  |TAMS 0x000000060c400000| PB 0x000000060c400000| Untracked 
|  44|0x000000060c800000, 0x000000060c800000, 0x000000060cc00000|  0%| F|  |TAMS 0x000000060c800000| PB 0x000000060c800000| Untracked 
|  45|0x000000060cc00000, 0x000000060cc00000, 0x000000060d000000|  0%| F|  |TAMS 0x000000060cc00000| PB 0x000000060cc00000| Untracked 
|  46|0x000000060d000000, 0x000000060d000000, 0x000000060d400000|  0%| F|  |TAMS 0x000000060d000000| PB 0x000000060d000000| Untracked 
|  47|0x000000060d400000, 0x000000060d400000, 0x000000060d800000|  0%| F|  |TAMS 0x000000060d400000| PB 0x000000060d400000| Untracked 
|  48|0x000000060d800000, 0x000000060d800000, 0x000000060dc00000|  0%| F|  |TAMS 0x000000060d800000| PB 0x000000060d800000| Untracked 
|  49|0x000000060dc00000, 0x000000060dc00000, 0x000000060e000000|  0%| F|  |TAMS 0x000000060dc00000| PB 0x000000060dc00000| Untracked 
|  50|0x000000060e000000, 0x000000060e000000, 0x000000060e400000|  0%| F|  |TAMS 0x000000060e000000| PB 0x000000060e000000| Untracked 
|  51|0x000000060e400000, 0x000000060e400000, 0x000000060e800000|  0%| F|  |TAMS 0x000000060e400000| PB 0x000000060e400000| Untracked 
|  52|0x000000060e800000, 0x000000060e800000, 0x000000060ec00000|  0%| F|  |TAMS 0x000000060e800000| PB 0x000000060e800000| Untracked 
|  53|0x000000060ec00000, 0x000000060ec00000, 0x000000060f000000|  0%| F|  |TAMS 0x000000060ec00000| PB 0x000000060ec00000| Untracked 
|  54|0x000000060f000000, 0x000000060f000000, 0x000000060f400000|  0%| F|  |TAMS 0x000000060f000000| PB 0x000000060f000000| Untracked 
|  55|0x000000060f400000, 0x000000060f400000, 0x000000060f800000|  0%| F|  |TAMS 0x000000060f400000| PB 0x000000060f400000| Untracked 
|  56|0x000000060f800000, 0x000000060f800000, 0x000000060fc00000|  0%| F|  |TAMS 0x000000060f800000| PB 0x000000060f800000| Untracked 
|  57|0x000000060fc00000, 0x000000060fc00000, 0x0000000610000000|  0%| F|  |TAMS 0x000000060fc00000| PB 0x000000060fc00000| Untracked 
|  58|0x0000000610000000, 0x0000000610000000, 0x0000000610400000|  0%| F|  |TAMS 0x0000000610000000| PB 0x0000000610000000| Untracked 
|  59|0x0000000610400000, 0x0000000610400000, 0x0000000610800000|  0%| F|  |TAMS 0x0000000610400000| PB 0x0000000610400000| Untracked 
|  60|0x0000000610800000, 0x0000000610800000, 0x0000000610c00000|  0%| F|  |TAMS 0x0000000610800000| PB 0x0000000610800000| Untracked 
|  61|0x0000000610c00000, 0x0000000610c00000, 0x0000000611000000|  0%| F|  |TAMS 0x0000000610c00000| PB 0x0000000610c00000| Untracked 
|  62|0x0000000611000000, 0x0000000611000000, 0x0000000611400000|  0%| F|  |TAMS 0x0000000611000000| PB 0x0000000611000000| Untracked 
|  63|0x0000000611400000, 0x0000000611400000, 0x0000000611800000|  0%| F|  |TAMS 0x0000000611400000| PB 0x0000000611400000| Untracked 
|  64|0x0000000611800000, 0x0000000611800000, 0x0000000611c00000|  0%| F|  |TAMS 0x0000000611800000| PB 0x0000000611800000| Untracked 
|  65|0x0000000611c00000, 0x0000000611c00000, 0x0000000612000000|  0%| F|  |TAMS 0x0000000611c00000| PB 0x0000000611c00000| Untracked 
|  66|0x0000000612000000, 0x0000000612000000, 0x0000000612400000|  0%| F|  |TAMS 0x0000000612000000| PB 0x0000000612000000| Untracked 
|  67|0x0000000612400000, 0x0000000612400000, 0x0000000612800000|  0%| F|  |TAMS 0x0000000612400000| PB 0x0000000612400000| Untracked 
|  68|0x0000000612800000, 0x0000000612800000, 0x0000000612c00000|  0%| F|  |TAMS 0x0000000612800000| PB 0x0000000612800000| Untracked 
|  69|0x0000000612c00000, 0x0000000612c00000, 0x0000000613000000|  0%| F|  |TAMS 0x0000000612c00000| PB 0x0000000612c00000| Untracked 
|  70|0x0000000613000000, 0x0000000613000000, 0x0000000613400000|  0%| F|  |TAMS 0x0000000613000000| PB 0x0000000613000000| Untracked 
|  71|0x0000000613400000, 0x0000000613400000, 0x0000000613800000|  0%| F|  |TAMS 0x0000000613400000| PB 0x0000000613400000| Untracked 
|  72|0x0000000613800000, 0x0000000613800000, 0x0000000613c00000|  0%| F|  |TAMS 0x0000000613800000| PB 0x0000000613800000| Untracked 
|  73|0x0000000613c00000, 0x0000000613c00000, 0x0000000614000000|  0%| F|  |TAMS 0x0000000613c00000| PB 0x0000000613c00000| Untracked 
|  74|0x0000000614000000, 0x0000000614000000, 0x0000000614400000|  0%| F|  |TAMS 0x0000000614000000| PB 0x0000000614000000| Untracked 
|  75|0x0000000614400000, 0x0000000614400000, 0x0000000614800000|  0%| F|  |TAMS 0x0000000614400000| PB 0x0000000614400000| Untracked 
|  76|0x0000000614800000, 0x0000000614800000, 0x0000000614c00000|  0%| F|  |TAMS 0x0000000614800000| PB 0x0000000614800000| Untracked 
|  77|0x0000000614c00000, 0x0000000614c00000, 0x0000000615000000|  0%| F|  |TAMS 0x0000000614c00000| PB 0x0000000614c00000| Untracked 
|  78|0x0000000615000000, 0x0000000615000000, 0x0000000615400000|  0%| F|  |TAMS 0x0000000615000000| PB 0x0000000615000000| Untracked 
|  79|0x0000000615400000, 0x0000000615400000, 0x0000000615800000|  0%| F|  |TAMS 0x0000000615400000| PB 0x0000000615400000| Untracked 
|  80|0x0000000615800000, 0x0000000615800000, 0x0000000615c00000|  0%| F|  |TAMS 0x0000000615800000| PB 0x0000000615800000| Untracked 
|  81|0x0000000615c00000, 0x0000000615c00000, 0x0000000616000000|  0%| F|  |TAMS 0x0000000615c00000| PB 0x0000000615c00000| Untracked 
|  82|0x0000000616000000, 0x0000000616000000, 0x0000000616400000|  0%| F|  |TAMS 0x0000000616000000| PB 0x0000000616000000| Untracked 
|  83|0x0000000616400000, 0x0000000616400000, 0x0000000616800000|  0%| F|  |TAMS 0x0000000616400000| PB 0x0000000616400000| Untracked 
|  84|0x0000000616800000, 0x0000000616800000, 0x0000000616c00000|  0%| F|  |TAMS 0x0000000616800000| PB 0x0000000616800000| Untracked 
|  85|0x0000000616c00000, 0x0000000616c00000, 0x0000000617000000|  0%| F|  |TAMS 0x0000000616c00000| PB 0x0000000616c00000| Untracked 
|  86|0x0000000617000000, 0x0000000617000000, 0x0000000617400000|  0%| F|  |TAMS 0x0000000617000000| PB 0x0000000617000000| Untracked 
|  87|0x0000000617400000, 0x0000000617400000, 0x0000000617800000|  0%| F|  |TAMS 0x0000000617400000| PB 0x0000000617400000| Untracked 
|  88|0x0000000617800000, 0x0000000617800000, 0x0000000617c00000|  0%| F|  |TAMS 0x0000000617800000| PB 0x0000000617800000| Untracked 
|  89|0x0000000617c00000, 0x0000000617c00000, 0x0000000618000000|  0%| F|  |TAMS 0x0000000617c00000| PB 0x0000000617c00000| Untracked 
|  90|0x0000000618000000, 0x0000000618000000, 0x0000000618400000|  0%| F|  |TAMS 0x0000000618000000| PB 0x0000000618000000| Untracked 
|  91|0x0000000618400000, 0x0000000618400000, 0x0000000618800000|  0%| F|  |TAMS 0x0000000618400000| PB 0x0000000618400000| Untracked 
|  92|0x0000000618800000, 0x0000000618800000, 0x0000000618c00000|  0%| F|  |TAMS 0x0000000618800000| PB 0x0000000618800000| Untracked 
|  93|0x0000000618c00000, 0x0000000618c00000, 0x0000000619000000|  0%| F|  |TAMS 0x0000000618c00000| PB 0x0000000618c00000| Untracked 
|  94|0x0000000619000000, 0x0000000619000000, 0x0000000619400000|  0%| F|  |TAMS 0x0000000619000000| PB 0x0000000619000000| Untracked 
|  95|0x0000000619400000, 0x0000000619400000, 0x0000000619800000|  0%| F|  |TAMS 0x0000000619400000| PB 0x0000000619400000| Untracked 
|  96|0x0000000619800000, 0x0000000619800000, 0x0000000619c00000|  0%| F|  |TAMS 0x0000000619800000| PB 0x0000000619800000| Untracked 
|  97|0x0000000619c00000, 0x0000000619c00000, 0x000000061a000000|  0%| F|  |TAMS 0x0000000619c00000| PB 0x0000000619c00000| Untracked 
|  98|0x000000061a000000, 0x000000061a000000, 0x000000061a400000|  0%| F|  |TAMS 0x000000061a000000| PB 0x000000061a000000| Untracked 
|  99|0x000000061a400000, 0x000000061a400000, 0x000000061a800000|  0%| F|  |TAMS 0x000000061a400000| PB 0x000000061a400000| Untracked 
| 100|0x000000061a800000, 0x000000061a800000, 0x000000061ac00000|  0%| F|  |TAMS 0x000000061a800000| PB 0x000000061a800000| Untracked 
| 101|0x000000061ac00000, 0x000000061ac00000, 0x000000061b000000|  0%| F|  |TAMS 0x000000061ac00000| PB 0x000000061ac00000| Untracked 
| 102|0x000000061b000000, 0x000000061b000000, 0x000000061b400000|  0%| F|  |TAMS 0x000000061b000000| PB 0x000000061b000000| Untracked 
| 103|0x000000061b400000, 0x000000061b400000, 0x000000061b800000|  0%| F|  |TAMS 0x000000061b400000| PB 0x000000061b400000| Untracked 
| 104|0x000000061b800000, 0x000000061b800000, 0x000000061bc00000|  0%| F|  |TAMS 0x000000061b800000| PB 0x000000061b800000| Untracked 
| 105|0x000000061bc00000, 0x000000061bc00000, 0x000000061c000000|  0%| F|  |TAMS 0x000000061bc00000| PB 0x000000061bc00000| Untracked 
| 106|0x000000061c000000, 0x000000061c000000, 0x000000061c400000|  0%| F|  |TAMS 0x000000061c000000| PB 0x000000061c000000| Untracked 
| 107|0x000000061c400000, 0x000000061c400000, 0x000000061c800000|  0%| F|  |TAMS 0x000000061c400000| PB 0x000000061c400000| Untracked 
| 108|0x000000061c800000, 0x000000061c800000, 0x000000061cc00000|  0%| F|  |TAMS 0x000000061c800000| PB 0x000000061c800000| Untracked 
| 109|0x000000061cc00000, 0x000000061cc00000, 0x000000061d000000|  0%| F|  |TAMS 0x000000061cc00000| PB 0x000000061cc00000| Untracked 
| 110|0x000000061d000000, 0x000000061d000000, 0x000000061d400000|  0%| F|  |TAMS 0x000000061d000000| PB 0x000000061d000000| Untracked 
| 111|0x000000061d400000, 0x000000061d400000, 0x000000061d800000|  0%| F|  |TAMS 0x000000061d400000| PB 0x000000061d400000| Untracked 
| 112|0x000000061d800000, 0x000000061d800000, 0x000000061dc00000|  0%| F|  |TAMS 0x000000061d800000| PB 0x000000061d800000| Untracked 
| 113|0x000000061dc00000, 0x000000061dc00000, 0x000000061e000000|  0%| F|  |TAMS 0x000000061dc00000| PB 0x000000061dc00000| Untracked 
| 114|0x000000061e000000, 0x000000061e000000, 0x000000061e400000|  0%| F|  |TAMS 0x000000061e000000| PB 0x000000061e000000| Untracked 
| 115|0x000000061e400000, 0x000000061e400000, 0x000000061e800000|  0%| F|  |TAMS 0x000000061e400000| PB 0x000000061e400000| Untracked 
| 116|0x000000061e800000, 0x000000061e800000, 0x000000061ec00000|  0%| F|  |TAMS 0x000000061e800000| PB 0x000000061e800000| Untracked 
| 117|0x000000061ec00000, 0x000000061ec00000, 0x000000061f000000|  0%| F|  |TAMS 0x000000061ec00000| PB 0x000000061ec00000| Untracked 
| 118|0x000000061f000000, 0x000000061f000000, 0x000000061f400000|  0%| F|  |TAMS 0x000000061f000000| PB 0x000000061f000000| Untracked 
| 119|0x000000061f400000, 0x000000061f400000, 0x000000061f800000|  0%| F|  |TAMS 0x000000061f400000| PB 0x000000061f400000| Untracked 
| 120|0x000000061f800000, 0x000000061f800000, 0x000000061fc00000|  0%| F|  |TAMS 0x000000061f800000| PB 0x000000061f800000| Untracked 
| 121|0x000000061fc00000, 0x000000061fc00000, 0x0000000620000000|  0%| F|  |TAMS 0x000000061fc00000| PB 0x000000061fc00000| Untracked 
| 122|0x0000000620000000, 0x0000000620000000, 0x0000000620400000|  0%| F|  |TAMS 0x0000000620000000| PB 0x0000000620000000| Untracked 
| 123|0x0000000620400000, 0x0000000620400000, 0x0000000620800000|  0%| F|  |TAMS 0x0000000620400000| PB 0x0000000620400000| Untracked 
| 124|0x0000000620800000, 0x0000000620800000, 0x0000000620c00000|  0%| F|  |TAMS 0x0000000620800000| PB 0x0000000620800000| Untracked 
| 125|0x0000000620c00000, 0x0000000620c00000, 0x0000000621000000|  0%| F|  |TAMS 0x0000000620c00000| PB 0x0000000620c00000| Untracked 
| 126|0x0000000621000000, 0x00000006211f8c10, 0x0000000621400000| 49%| E|  |TAMS 0x0000000621000000| PB 0x0000000621000000| Complete 
| 127|0x0000000621400000, 0x0000000621800000, 0x0000000621800000|100%| E|CS|TAMS 0x0000000621400000| PB 0x0000000621400000| Complete 

Card table byte_map: [0x00000212ee850000,0x00000212ef850000] _byte_map_base: 0x00000212eb844000

Marking Bits: (CMBitMap*) 0x00000212d53fd370
 Bits: [0x00000212ef850000, 0x00000212f77f0000)

Polling page: 0x00000212d2f10000

Metaspace:

Usage:
  Non-class:      1.02 MB used.
      Class:     95.91 KB used.
       Both:      1.12 MB used.

Virtual space:
  Non-class space:       64.00 MB reserved,       1.06 MB (  2%) committed,  1 nodes.
      Class space:        1.00 GB reserved,     192.00 KB ( <1%) committed,  1 nodes.
             Both:        1.06 GB reserved,       1.25 MB ( <1%) committed. 

Chunk freelists:
   Non-Class:  11.88 MB
       Class:  15.72 MB
        Both:  27.61 MB

MaxMetaspaceSize: unlimited
CompressedClassSpaceSize: 1.00 GB
Initial GC threshold: 21.00 MB
Current GC threshold: 21.00 MB
CDS: on
 - commit_granule_bytes: 65536.
 - commit_granule_words: 8192.
 - virtual_space_node_default_size: 8388608.
 - enlarge_chunks_in_place: 1.
 - use_allocation_guard: 0.


Internal statistics:

num_allocs_failed_limit: 0.
num_arena_births: 28.
num_arena_deaths: 0.
num_vsnodes_births: 2.
num_vsnodes_deaths: 0.
num_space_committed: 20.
num_space_uncommitted: 0.
num_chunks_returned_to_freelist: 0.
num_chunks_taken_from_freelist: 37.
num_chunk_merges: 0.
num_chunk_splits: 25.
num_chunks_enlarged: 16.
num_inconsistent_stats: 0.

CodeHeap 'non-profiled nmethods': size=119168Kb used=123Kb max_used=123Kb free=119044Kb
 bounds [0x00000212e5600000, 0x00000212e5870000, 0x00000212eca60000]
CodeHeap 'profiled nmethods': size=119104Kb used=414Kb max_used=414Kb free=118689Kb
 bounds [0x00000212dda60000, 0x00000212ddcd0000, 0x00000212e4eb0000]
CodeHeap 'non-nmethods': size=7488Kb used=2439Kb max_used=2461Kb free=5048Kb
 bounds [0x00000212e4eb0000, 0x00000212e5120000, 0x00000212e5600000]
 total_blobs=786 nmethods=358 adapters=331
 compilation: enabled
              stopped_count=0, restarted_count=0
 full_count=0

Compilation events (20 events):
Event: 0.094 Thread 0x00000212faf9c1a0 nmethod 348 0x00000212e561d490 code [0x00000212e561d620, 0x00000212e561d6e8]
Event: 0.094 Thread 0x00000212fb16b0b0 nmethod 343 0x00000212e561d790 code [0x00000212e561d920, 0x00000212e561dab8]
Event: 0.095 Thread 0x00000212faebe740 nmethod 344 0x00000212e561db90 code [0x00000212e561dd20, 0x00000212e561df58]
Event: 0.096 Thread 0x00000212faf9c1a0  350       3       java.lang.String::replace (42 bytes)
Event: 0.096 Thread 0x00000212faf9c1a0 nmethod 350 0x00000212ddac5190 code [0x00000212ddac5360, 0x00000212ddac5690]
Event: 0.096 Thread 0x00000212faedf5a0  351       3       java.nio.Buffer::position (52 bytes)
Event: 0.096 Thread 0x00000212faedf5a0 nmethod 351 0x00000212ddac5790 code [0x00000212ddac5940, 0x00000212ddac5bb0]
Event: 0.097 Thread 0x00000212faedf5a0  352       1       java.net.URL::getHost (5 bytes)
Event: 0.097 Thread 0x00000212faedf5a0 nmethod 352 0x00000212e561e490 code [0x00000212e561e620, 0x00000212e561e6f0]
Event: 0.097 Thread 0x00000212faedf5a0  353       3       java.io.RandomAccessFile::readFully (45 bytes)
Event: 0.097 Thread 0x00000212faedf5a0 nmethod 353 0x00000212ddac5c90 code [0x00000212ddac5e60, 0x00000212ddac61d8]
Event: 0.098 Thread 0x00000212faedf5a0  354   !   3       java.io.RandomAccessFile::seek (42 bytes)
Event: 0.098 Thread 0x00000212faedf5a0 nmethod 354 0x00000212ddac6390 code [0x00000212ddac6580, 0x00000212ddac68c0]
Event: 0.099 Thread 0x00000212fb053050  356       3       java.lang.Character::digit (6 bytes)
Event: 0.099 Thread 0x00000212faf9c1a0  357       3       java.lang.Character::digit (10 bytes)
Event: 0.099 Thread 0x00000212faedf5a0  358       3       java.lang.CharacterDataLatin1::digit (32 bytes)
Event: 0.099 Thread 0x00000212fb1ef200  359       4       java.io.WinNTFileSystem::isSlash (18 bytes)
Event: 0.099 Thread 0x00000212fb053050 nmethod 356 0x00000212ddac6a90 code [0x00000212ddac6c40, 0x00000212ddac6ea0]
Event: 0.099 Thread 0x00000212faedf5a0 nmethod 358 0x00000212ddac6f90 code [0x00000212ddac7140, 0x00000212ddac7398]
Event: 0.099 Thread 0x00000212faf9c1a0 nmethod 357 0x00000212ddac7490 code [0x00000212ddac7640, 0x00000212ddac7848]

GC Heap History (0 events):
No events

Dll operation events (8 events):
Event: 0.006 Loaded shared library C:\Program Files\Microsoft\jdk-21.0.4.7-hotspot\bin\java.dll
Event: 0.027 Loaded shared library C:\Program Files\Microsoft\jdk-21.0.4.7-hotspot\bin\jsvml.dll
Event: 0.051 Loaded shared library C:\Program Files\Microsoft\jdk-21.0.4.7-hotspot\bin\zip.dll
Event: 0.055 Loaded shared library C:\Program Files\Microsoft\jdk-21.0.4.7-hotspot\bin\instrument.dll
Event: 0.058 Loaded shared library C:\Program Files\Microsoft\jdk-21.0.4.7-hotspot\bin\net.dll
Event: 0.060 Loaded shared library C:\Program Files\Microsoft\jdk-21.0.4.7-hotspot\bin\nio.dll
Event: 0.062 Loaded shared library C:\Program Files\Microsoft\jdk-21.0.4.7-hotspot\bin\zip.dll
Event: 0.074 Loaded shared library C:\Program Files\Microsoft\jdk-21.0.4.7-hotspot\bin\extnet.dll

Deoptimization events (14 events):
Event: 0.069 Thread 0x00000212d5393990 Uncommon trap: trap_request=0xffffff45 fr.pc=0x00000212e5611864 relative=0x00000000000000c4
Event: 0.069 Thread 0x00000212d5393990 Uncommon trap: reason=unstable_if action=reinterpret pc=0x00000212e5611864 method=java.lang.String.isLatin1()Z @ 10 c2
Event: 0.069 Thread 0x00000212d5393990 DEOPT PACKING pc=0x00000212e5611864 sp=0x00000098b22ff120
Event: 0.069 Thread 0x00000212d5393990 DEOPT UNPACKING pc=0x00000212e4f046a2 sp=0x00000098b22ff060 mode 2
Event: 0.093 Thread 0x00000212d5393990 DEOPT PACKING pc=0x00000212dda94cd5 sp=0x00000098b22fe1b0
Event: 0.093 Thread 0x00000212d5393990 DEOPT UNPACKING pc=0x00000212e4f04e42 sp=0x00000098b22fd620 mode 0
Event: 0.093 Thread 0x00000212d5393990 DEOPT PACKING pc=0x00000212dda94cd5 sp=0x00000098b22fe1b0
Event: 0.093 Thread 0x00000212d5393990 DEOPT UNPACKING pc=0x00000212e4f04e42 sp=0x00000098b22fd620 mode 0
Event: 0.093 Thread 0x00000212d5393990 DEOPT PACKING pc=0x00000212dda94cd5 sp=0x00000098b22fe1b0
Event: 0.093 Thread 0x00000212d5393990 DEOPT UNPACKING pc=0x00000212e4f04e42 sp=0x00000098b22fd620 mode 0
Event: 0.093 Thread 0x00000212d5393990 DEOPT PACKING pc=0x00000212dda94cd5 sp=0x00000098b22fe1b0
Event: 0.093 Thread 0x00000212d5393990 DEOPT UNPACKING pc=0x00000212e4f04e42 sp=0x00000098b22fd620 mode 0
Event: 0.094 Thread 0x00000212d5393990 DEOPT PACKING pc=0x00000212dda94cd5 sp=0x00000098b22fe1b0
Event: 0.094 Thread 0x00000212d5393990 DEOPT UNPACKING pc=0x00000212e4f04e42 sp=0x00000098b22fd620 mode 0

Classes loaded (20 events):
Event: 0.077 Loading class sun/net/spi/DefaultProxySelector$NonProxyInfo done
Event: 0.077 Loading class sun/net/spi/DefaultProxySelector$3
Event: 0.077 Loading class sun/net/spi/DefaultProxySelector$3 done
Event: 0.077 Loading class sun/net/NetHooks
Event: 0.077 Loading class sun/net/NetHooks done
Event: 0.078 Loading class java/net/Socket$SocketInputStream
Event: 0.078 Loading class java/net/Socket$SocketInputStream done
Event: 0.078 Loading class sun/nio/ch/NioSocketImpl$1
Event: 0.078 Loading class sun/nio/ch/NioSocketImpl$1 done
Event: 0.078 Loading class java/io/FilenameFilter
Event: 0.078 Loading class java/io/FilenameFilter done
Event: 0.078 Loading class sun/nio/cs/US_ASCII$Decoder
Event: 0.078 Loading class sun/nio/cs/US_ASCII$Decoder done
Event: 0.085 Loading class java/net/URLClassLoader$1
Event: 0.085 Loading class java/net/URLClassLoader$1 done
Event: 0.085 Loading class jdk/internal/loader/URLClassPath$FileLoader
Event: 0.085 Loading class jdk/internal/loader/URLClassPath$FileLoader done
Event: 0.099 Loading class sun/net/www/protocol/file/FileURLConnection
Event: 0.099 Loading class sun/net/www/URLConnection
Event: 0.099 Loading class java/net/URLConnection

Classes unloaded (0 events):
No events

Classes redefined (0 events):
No events

Internal exceptions (4 events):
Event: 0.065 Thread 0x00000212d5393990 Exception <a 'java/lang/NoSuchMethodError'{0x00000006217a6820}: 'void java.lang.invoke.DirectMethodHandle$Holder.invokeStatic(java.lang.Object, java.lang.Object, java.lang.Object)'> (0x00000006217a6820) 
thrown [s\src\hotspot\share\interpreter\linkResolver.cpp, line 773]
Event: 0.068 Thread 0x00000212d5393990 Exception <a 'java/lang/NoSuchMethodError'{0x00000006217be2b8}: 'java.lang.Object java.lang.invoke.Invokers$Holder.invokeExact_MT(java.lang.Object, java.lang.Object, java.lang.Object, java.lang.Object, java.lang.Object)'> (0x00000006217be2b8) 
thrown [s\src\hotspot\share\interpreter\linkResolver.cpp, line 773]
Event: 0.075 Thread 0x00000212faeb3a30 Exception <a 'java/lang/NoSuchMethodError'{0x00000006210091c8}: 'void java.lang.invoke.DirectMethodHandle$Holder.invokeStatic(java.lang.Object, java.lang.Object)'> (0x00000006210091c8) 
thrown [s\src\hotspot\share\interpreter\linkResolver.cpp, line 773]
Event: 0.084 Thread 0x00000212d5393990 Exception <a 'java/lang/NoSuchMethodError'{0x00000006210e1db0}: 'int java.lang.invoke.DirectMethodHandle$Holder.invokeSpecial(java.lang.Object, java.lang.Object, java.lang.Object)'> (0x00000006210e1db0) 
thrown [s\src\hotspot\share\interpreter\linkResolver.cpp, line 773]

ZGC Phase Switch (0 events):
No events

VM Operations (2 events):
Event: 0.043 Executing VM operation: HandshakeAllThreads (Deoptimize)
Event: 0.043 Executing VM operation: HandshakeAllThreads (Deoptimize) done

Memory protections (0 events):
No events

Nmethod flushes (0 events):
No events

Events (16 events):
Event: 0.016 Thread 0x00000212d5393990 Thread added: 0x00000212d5393990
Event: 0.025 Thread 0x00000212d5393990 Thread added: 0x00000212f7aedc60
Event: 0.025 Thread 0x00000212d5393990 Thread added: 0x00000212f7aef8d0
Event: 0.025 Thread 0x00000212d5393990 Thread added: 0x00000212f7af7860
Event: 0.025 Thread 0x00000212d5393990 Thread added: 0x00000212f7af84d0
Event: 0.025 Thread 0x00000212d5393990 Thread added: 0x00000212faeb2680
Event: 0.025 Thread 0x00000212d5393990 Thread added: 0x00000212faeb2d10
Event: 0.025 Thread 0x00000212d5393990 Thread added: 0x00000212faebe740
Event: 0.026 Thread 0x00000212d5393990 Thread added: 0x00000212faedf5a0
Event: 0.029 Thread 0x00000212faedf5a0 Thread added: 0x00000212faf9c1a0
Event: 0.039 Thread 0x00000212d5393990 Thread added: 0x00000212faeb33a0
Event: 0.044 Thread 0x00000212faf9c1a0 Thread added: 0x00000212fb053050
Event: 0.069 Thread 0x00000212d5393990 Thread added: 0x00000212faeb3a30
Event: 0.069 Thread 0x00000212d5393990 Thread added: 0x00000212faeb40c0
Event: 0.084 Thread 0x00000212faedf5a0 Thread added: 0x00000212fb1ef200
Event: 0.084 Thread 0x00000212faedf5a0 Thread added: 0x00000212fb16b0b0


Dynamic libraries:
0x00007ff686a80000 - 0x00007ff686a8e000 	C:\Program Files\Microsoft\jdk-21.0.4.7-hotspot\bin\java.exe
0x00007ff8381f0000 - 0x00007ff838407000 	C:\Windows\SYSTEM32\ntdll.dll
0x00007ff837350000 - 0x00007ff837414000 	C:\Windows\System32\KERNEL32.DLL
0x00007ff835850000 - 0x00007ff835c21000 	C:\Windows\System32\KERNELBASE.dll
0x00007ff835360000 - 0x00007ff835471000 	C:\Windows\System32\ucrtbase.dll
0x00007ff816e20000 - 0x00007ff816e38000 	C:\Program Files\Microsoft\jdk-21.0.4.7-hotspot\bin\jli.dll
0x00007ff816e00000 - 0x00007ff816e1d000 	C:\Program Files\Microsoft\jdk-21.0.4.7-hotspot\bin\VCRUNTIME140.dll
0x00007ff8374d0000 - 0x00007ff837681000 	C:\Windows\System32\USER32.dll
0x00007ff835330000 - 0x00007ff835356000 	C:\Windows\System32\win32u.dll
0x00007ff8192a0000 - 0x00007ff819532000 	C:\Windows\WinSxS\amd64_microsoft.windows.common-controls_6595b64144ccf1df_6.0.22621.4830_none_270fe7d773858e80\COMCTL32.dll
0x00007ff836430000 - 0x00007ff836459000 	C:\Windows\System32\GDI32.dll
0x00007ff837420000 - 0x00007ff8374c7000 	C:\Windows\System32\msvcrt.dll
0x00007ff835cb0000 - 0x00007ff835dcb000 	C:\Windows\System32\gdi32full.dll
0x00007ff835730000 - 0x00007ff8357ca000 	C:\Windows\System32\msvcp_win.dll
0x00007ff837830000 - 0x00007ff837861000 	C:\Windows\System32\IMM32.DLL
0x00007ff817600000 - 0x00007ff81760c000 	C:\Program Files\Microsoft\jdk-21.0.4.7-hotspot\bin\vcruntime140_1.dll
0x00007ff8131e0000 - 0x00007ff81326d000 	C:\Program Files\Microsoft\jdk-21.0.4.7-hotspot\bin\msvcp140.dll
0x00007fff44630000 - 0x00007fff453c0000 	C:\Program Files\Microsoft\jdk-21.0.4.7-hotspot\bin\server\jvm.dll
0x00007ff837a40000 - 0x00007ff837af1000 	C:\Windows\System32\ADVAPI32.dll
0x00007ff837780000 - 0x00007ff837827000 	C:\Windows\System32\sechost.dll
0x00007ff835e90000 - 0x00007ff835eb8000 	C:\Windows\System32\bcrypt.dll
0x00007ff837070000 - 0x00007ff837184000 	C:\Windows\System32\RPCRT4.dll
0x00007ff8364e0000 - 0x00007ff836551000 	C:\Windows\System32\WS2_32.dll
0x00007ff8341e0000 - 0x00007ff83422d000 	C:\Windows\SYSTEM32\POWRPROF.dll
0x00007ff82da10000 - 0x00007ff82da44000 	C:\Windows\SYSTEM32\WINMM.dll
0x00007ff82b340000 - 0x00007ff82b34a000 	C:\Windows\SYSTEM32\VERSION.dll
0x00007ff8341c0000 - 0x00007ff8341d3000 	C:\Windows\SYSTEM32\UMPDC.dll
0x00007ff834470000 - 0x00007ff834488000 	C:\Windows\SYSTEM32\kernel.appcore.dll
0x00007ff8155c0000 - 0x00007ff8155ca000 	C:\Program Files\Microsoft\jdk-21.0.4.7-hotspot\bin\jimage.dll
0x00007ff82cac0000 - 0x00007ff82ccf2000 	C:\Windows\SYSTEM32\DBGHELP.DLL
0x00007ff835ff0000 - 0x00007ff836380000 	C:\Windows\System32\combase.dll
0x00007ff8376a0000 - 0x00007ff837777000 	C:\Windows\System32\OLEAUT32.dll
0x00007ff818a60000 - 0x00007ff818a92000 	C:\Windows\SYSTEM32\dbgcore.DLL
0x00007ff8357d0000 - 0x00007ff83584b000 	C:\Windows\System32\bcryptPrimitives.dll
0x00007ff822580000 - 0x00007ff82258f000 	C:\Program Files\Microsoft\jdk-21.0.4.7-hotspot\bin\instrument.dll
0x00007ff814760000 - 0x00007ff814780000 	C:\Program Files\Microsoft\jdk-21.0.4.7-hotspot\bin\java.dll
0x00007ff8367c0000 - 0x00007ff837048000 	C:\Windows\System32\SHELL32.dll
0x00007ff8355f0000 - 0x00007ff83572f000 	C:\Windows\System32\wintypes.dll
0x00007ff833290000 - 0x00007ff833b9d000 	C:\Windows\SYSTEM32\windows.storage.dll
0x00007ff836560000 - 0x00007ff83666a000 	C:\Windows\System32\SHCORE.dll
0x00007ff8366d0000 - 0x00007ff83672e000 	C:\Windows\System32\shlwapi.dll
0x00007ff835260000 - 0x00007ff83528b000 	C:\Windows\SYSTEM32\profapi.dll
0x00007ff813100000 - 0x00007ff8131d7000 	C:\Program Files\Microsoft\jdk-21.0.4.7-hotspot\bin\jsvml.dll
0x00007ff814740000 - 0x00007ff814758000 	C:\Program Files\Microsoft\jdk-21.0.4.7-hotspot\bin\zip.dll
0x00007ff814ff0000 - 0x00007ff815000000 	C:\Program Files\Microsoft\jdk-21.0.4.7-hotspot\bin\net.dll
0x00007ff830d70000 - 0x00007ff830e9c000 	C:\Windows\SYSTEM32\WINHTTP.dll
0x00007ff8348e0000 - 0x00007ff83494a000 	C:\Windows\system32\mswsock.dll
0x00007ff812ee0000 - 0x00007ff812ef6000 	C:\Program Files\Microsoft\jdk-21.0.4.7-hotspot\bin\nio.dll
0x00007ff814f80000 - 0x00007ff814f89000 	C:\Program Files\Microsoft\jdk-21.0.4.7-hotspot\bin\extnet.dll

dbghelp: loaded successfully - version: 4.0.5 - missing functions: none
symbol engine: initialized successfully - sym options: 0x614 - pdb path: .;C:\Program Files\Microsoft\jdk-21.0.4.7-hotspot\bin;C:\Windows\SYSTEM32;C:\Windows\WinSxS\amd64_microsoft.windows.common-controls_6595b64144ccf1df_6.0.22621.4830_none_270fe7d773858e80;C:\Program Files\Microsoft\jdk-21.0.4.7-hotspot\bin\server

VM Arguments:
jvm_args: -Dmaven.multiModuleProjectDirectory=C:\Capstone Java\CEC -Djansi.passthrough=true -Dmaven.home=C:\Program Files\JetBrains\IntelliJ IDEA Community Edition 2024.3.2.2\plugins\maven\lib\maven3 -Dclassworlds.conf=C:\Program Files\JetBrains\IntelliJ IDEA Community Edition 2024.3.2.2\plugins\maven\lib\maven3\bin\m2.conf -Dmaven.ext.class.path=C:\Program Files\JetBrains\IntelliJ IDEA Community Edition 2024.3.2.2\plugins\maven\lib\maven-event-listener.jar -javaagent:C:\Program Files\JetBrains\IntelliJ IDEA Community Edition 2024.3.2.2\lib\idea_rt.jar=59045 -Dfile.encoding=UTF-8 -Dsun.stdout.encoding=UTF-8 -Dsun.stderr.encoding=UTF-8 
java_command: org.codehaus.classworlds.Launcher -Didea.version=2024.3.5 org.openjfx:javafx-maven-plugin:0.0.8:run
java_class_path (initial): C:\Program Files\JetBrains\IntelliJ IDEA Community Edition 2024.3.2.2\plugins\maven\lib\maven3\boot\plexus-classworlds-2.8.0.jar;C:\Program Files\JetBrains\IntelliJ IDEA Community Edition 2024.3.2.2\plugins\maven\lib\maven3\boot\plexus-classworlds.license
Launcher Type: SUN_STANDARD

[Global flags]
     intx CICompilerCount                          = 12                                        {product} {ergonomic}
     uint ConcGCThreads                            = 5                                         {product} {ergonomic}
     uint G1ConcRefinementThreads                  = 18                                        {product} {ergonomic}
   size_t G1HeapRegionSize                         = 4194304                                   {product} {ergonomic}
    uintx GCDrainStackTargetSize                   = 64                                        {product} {ergonomic}
   size_t InitialHeapSize                          = 536870912                                 {product} {ergonomic}
   size_t MarkStackSize                            = 4194304                                   {product} {ergonomic}
   size_t MaxHeapSize                              = 8564768768                                {product} {ergonomic}
   size_t MaxNewSize                               = 5138022400                                {product} {ergonomic}
   size_t MinHeapDeltaBytes                        = 4194304                                   {product} {ergonomic}
   size_t MinHeapSize                              = 8388608                                   {product} {ergonomic}
    uintx NonNMethodCodeHeapSize                   = 7602480                                {pd product} {ergonomic}
    uintx NonProfiledCodeHeapSize                  = 122027880                              {pd product} {ergonomic}
    uintx ProfiledCodeHeapSize                     = 122027880                              {pd product} {ergonomic}
    uintx ReservedCodeCacheSize                    = 251658240                              {pd product} {ergonomic}
     bool SegmentedCodeCache                       = true                                      {product} {ergonomic}
   size_t SoftMaxHeapSize                          = 8564768768                             {manageable} {ergonomic}
     bool UseCompressedOops                        = true                           {product lp64_product} {ergonomic}
     bool UseG1GC                                  = true                                      {product} {ergonomic}
     bool UseLargePagesIndividualAllocation        = false                                  {pd product} {ergonomic}

Logging:
Log output configuration:
 #0: stdout all=warning uptime,level,tags foldmultilines=false
 #1: stderr all=off uptime,level,tags foldmultilines=false

Environment Variables:
PATH=C:\Program Files\Microsoft\jdk-21.0.4.7-hotspot\bin;C:\Windows\system32;C:\Windows;C:\Windows\System32\Wbem;C:\Windows\System32\WindowsPowerShell\v1.0\;C:\Windows\System32\OpenSSH\;C:\Program Files (x86)\NVIDIA Corporation\PhysX\Common;C:\Program Files\dotnet\;C:\Program Files (x86)\Microsoft SQL Server\160\Tools\Binn\;C:\Program Files\Microsoft SQL Server\160\Tools\Binn\;C:\Program Files\Microsoft SQL Server\Client SDK\ODBC\170\Tools\Binn\;C:\Program Files\Microsoft SQL Server\160\DTS\Binn\;C:\Program Files (x86)\Microsoft SQL Server\160\DTS\Binn\;C:\Program Files\Git\cmd;C:\Program Files\NVIDIA Corporation\NVIDIA app\NvDLISR;C:\Capstone Java\SQLite;C:\Users\Candi\AppData\Local\Microsoft\WindowsApps;C:\Users\Candi\.dotnet\tools;C:\Users\Candi\AppData\Local\Programs\Microsoft VS Code\bin;C:\Capstone Java\CapstoneProject\apache-maven-3.9.9\bin;
USERNAME=Candi
OS=Windows_NT
PROCESSOR_IDENTIFIER=AMD64 Family 25 Model 33 Stepping 2, AuthenticAMD
TMP=C:\Users\Candi\AppData\Local\Temp
TEMP=C:\Users\Candi\AppData\Local\Temp




Periodic native trim disabled

---------------  S Y S T E M  ---------------

OS:
 Windows 11 , 64 bit Build 22621 (10.0.22621.4974)
OS uptime: 0 days 12:10 hours

CPU: total 24 (initial active 24) (24 cores per cpu, 2 threads per core) family 25 model 33 stepping 2 microcode 0x0, cx8, cmov, fxsr, ht, mmx, 3dnowpref, sse, sse2, sse3, ssse3, sse4a, sse4.1, sse4.2, popcnt, lzcnt, tsc, tscinvbit, avx, avx2, aes, erms, clmul, bmi1, bmi2, adx, sha, fma, vzeroupper, clflush, clflushopt, rdtscp, rdpid, fsrm, f16c, pku, cet_ss
Processor Information for the first 24 processors :
  Max Mhz: 3701, Current Mhz: 3701, Mhz Limit: 3701

Memory: 4k page, system-wide physical 32670M (10711M free)
TotalPageFile size 40670M (AvailPageFile size 4M)
current process WorkingSet (physical memory assigned to process): 44M, peak: 44M
current process commit charge ("private bytes"): 625M, peak: 625M

vm_info: OpenJDK 64-Bit Server VM (21.0.4+7-LTS) for windows-amd64 JRE (21.0.4+7-LTS), built on 2024-07-16T17:40:50Z by "MicrosoftCorporation" with unknown MS VC++:1939

END.
