#
# There is insufficient memory for the Java Runtime Environment to continue.
# Native memory allocation (malloc) failed to allocate 725136 bytes. Error detail: Chunk::new
# Possible reasons:
#   The system is out of physical RAM or swap space
#   This process is running with CompressedOops enabled, and the Java Heap may be blocking the growth of the native heap
# Possible solutions:
#   Reduce memory load on the system
#   Increase physical memory or swap space
#   Check if swap backing store is full
#   Decrease Java heap size (-Xmx/-Xms)
#   Decrease number of Java threads
#   Decrease Java thread stack sizes (-Xss)
#   Set larger code cache with -XX:ReservedCodeCacheSize=
#   JVM is running with Zero Based Compressed Oops mode in which the Java heap is
#     placed in the first 32GB address space. The Java Heap base address is the
#     maximum limit for the native heap growth. Please use -XX:HeapBaseMinAddress
#     to set the Java Heap base and to place the Java Heap above 32GB virtual address.
# This output file may be truncated or incomplete.
#
#  Out of Memory Error (arena.cpp:168), pid=31788, tid=4792
#
# JRE version: OpenJDK Runtime Environment Microsoft-9889606 (21.0.4+7) (build 21.0.4+7-LTS)
# Java VM: OpenJDK 64-Bit Server VM Microsoft-9889606 (21.0.4+7-LTS, mixed mode, sharing, tiered, compressed oops, compressed class ptrs, g1 gc, windows-amd64)
# No core dump will be written. Minidumps are not enabled by default on client versions of Windows
#

---------------  S U M M A R Y ------------

Command Line: --module-path=C:\Users\Candi\.m2\repository\org\openjfx\javafx-base\23.0.2\javafx-base-23.0.2-win.jar;C:\Users\Candi\.m2\repository\org\openjfx\javafx-base\23.0.2\javafx-base-23.0.2.jar;C:\Users\Candi\.m2\repository\org\openjfx\javafx-controls\23.0.2\javafx-controls-23.0.2-win.jar;C:\Users\Candi\.m2\repository\org\openjfx\javafx-controls\23.0.2\javafx-controls-23.0.2.jar;C:\Users\Candi\.m2\repository\org\openjfx\javafx-fxml\21\javafx-fxml-21-win.jar;C:\Users\Candi\.m2\repository\org\openjfx\javafx-fxml\21\javafx-fxml-21.jar;C:\Users\Candi\.m2\repository\org\openjfx\javafx-graphics\23.0.2\javafx-graphics-23.0.2-win.jar;C:\Users\Candi\.m2\repository\org\openjfx\javafx-graphics\23.0.2\javafx-graphics-23.0.2.jar --add-modules=javafx.base,javafx.controls,javafx.fxml,javafx.graphics org.app.Main

Host: AMD Ryzen 9 5900X 12-Core Processor            , 24 cores, 31G,  Windows 11 , 64 bit Build 22621 (10.0.22621.4974)
Time: Sun Mar 23 00:37:16 2025 Eastern Daylight Time elapsed time: 0.533109 seconds (0d 0h 0m 0s)

---------------  T H R E A D  ---------------

Current thread (0x000002337fb5b330):  JavaThread "C2 CompilerThread4" daemon [_thread_in_native, id=4792, stack(0x000000786fa00000,0x000000786fb00000) (1024K)]


Current CompileTask:
C2:    533 1154       4       sun.util.locale.BaseLocale::getInstance (150 bytes)

Stack: [0x000000786fa00000,0x000000786fb00000]
Native frames: (J=compiled Java code, j=interpreted, Vv=VM code, C=native code)
V  [jvm.dll+0x6d2d39]
V  [jvm.dll+0x8ad0b1]
V  [jvm.dll+0x8af5de]
V  [jvm.dll+0x8afcb3]
V  [jvm.dll+0x27fa86]
V  [jvm.dll+0xc4ccd]
V  [jvm.dll+0xc5203]
V  [jvm.dll+0x3ba202]
V  [jvm.dll+0x386c90]
V  [jvm.dll+0x38610a]
V  [jvm.dll+0x2479c5]
V  [jvm.dll+0x246f9f]
V  [jvm.dll+0x1c740f]
V  [jvm.dll+0x256cc9]
V  [jvm.dll+0x25508a]
V  [jvm.dll+0x3f4366]
V  [jvm.dll+0x85690b]
V  [jvm.dll+0x6d143d]
C  [ucrtbase.dll+0x29333]
C  [KERNEL32.DLL+0x1259d]
C  [ntdll.dll+0x5af38]


---------------  P R O C E S S  ---------------

Threads class SMR info:
_java_thread_list=0x000002337f9bd9d0, length=26, elements={
0x0000023310e5ccb0, 0x0000023337b9eea0, 0x0000023337b9fdc0, 0x0000023337ba99f0,
0x0000023337bae860, 0x000002337a0823c0, 0x000002337a082f50, 0x000002337a0988a0,
0x000002337a08cc90, 0x000002337a122bf0, 0x000002337a137290, 0x000002337a1b9980,
0x000002337a251730, 0x000002337a251de0, 0x000002337a349330, 0x000002337a69bf70,
0x000002337abf1fa0, 0x000002337f234eb0, 0x000002337f264500, 0x000002337f8c4450,
0x000002337f8ea5f0, 0x000002337f9e6d60, 0x000002337fb5b330, 0x000002337f9b9c60,
0x000002337fab9200, 0x000002337fdcd6d0
}

Java Threads: ( => current thread )
  0x0000023310e5ccb0 JavaThread "main"                              [_thread_blocked, id=20960, stack(0x000000786bb00000,0x000000786bc00000) (1024K)]
  0x0000023337b9eea0 JavaThread "Reference Handler"          daemon [_thread_blocked, id=32196, stack(0x000000786c300000,0x000000786c400000) (1024K)]
  0x0000023337b9fdc0 JavaThread "Finalizer"                  daemon [_thread_blocked, id=4492, stack(0x000000786c400000,0x000000786c500000) (1024K)]
  0x0000023337ba99f0 JavaThread "Signal Dispatcher"          daemon [_thread_blocked, id=32200, stack(0x000000786c500000,0x000000786c600000) (1024K)]
  0x0000023337bae860 JavaThread "Attach Listener"            daemon [_thread_blocked, id=33328, stack(0x000000786c600000,0x000000786c700000) (1024K)]
  0x000002337a0823c0 JavaThread "Service Thread"             daemon [_thread_blocked, id=25056, stack(0x000000786c700000,0x000000786c800000) (1024K)]
  0x000002337a082f50 JavaThread "Monitor Deflation Thread"   daemon [_thread_blocked, id=30988, stack(0x000000786c800000,0x000000786c900000) (1024K)]
  0x000002337a0988a0 JavaThread "C2 CompilerThread0"         daemon [_thread_in_native, id=8028, stack(0x000000786c900000,0x000000786ca00000) (1024K)]
  0x000002337a08cc90 JavaThread "C1 CompilerThread0"         daemon [_thread_blocked, id=28084, stack(0x000000786ca00000,0x000000786cb00000) (1024K)]
  0x000002337a122bf0 JavaThread "C1 CompilerThread1"         daemon [_thread_blocked, id=31156, stack(0x000000786cb00000,0x000000786cc00000) (1024K)]
  0x000002337a137290 JavaThread "C1 CompilerThread2"         daemon [_thread_blocked, id=30176, stack(0x000000786cc00000,0x000000786cd00000) (1024K)]
  0x000002337a1b9980 JavaThread "Common-Cleaner"             daemon [_thread_blocked, id=20988, stack(0x000000786cd00000,0x000000786ce00000) (1024K)]
  0x000002337a251730 JavaThread "C2 CompilerThread1"         daemon [_thread_in_native, id=5664, stack(0x000000786ce00000,0x000000786cf00000) (1024K)]
  0x000002337a251de0 JavaThread "C1 CompilerThread3"         daemon [_thread_blocked, id=30344, stack(0x000000786cf00000,0x000000786d000000) (1024K)]
  0x000002337a349330 JavaThread "C2 CompilerThread2"         daemon [_thread_in_native, id=17976, stack(0x000000786d000000,0x000000786d100000) (1024K)]
  0x000002337a69bf70 JavaThread "Notification Thread"        daemon [_thread_blocked, id=32232, stack(0x000000786d300000,0x000000786d400000) (1024K)]
  0x000002337abf1fa0 JavaThread "QuantumRenderer-0"          daemon [_thread_blocked, id=30776, stack(0x000000786d400000,0x000000786d500000) (1024K)]
  0x000002337f234eb0 JavaThread "InvokeLaterDispatcher"      daemon [_thread_blocked, id=32828, stack(0x000000786d500000,0x000000786d600000) (1024K)]
  0x000002337f264500 JavaThread "JavaFX Application Thread"         [_thread_in_Java, id=33320, stack(0x000000786d600000,0x000000786d700000) (1024K)]
  0x000002337f8c4450 JavaThread "JavaFX-Launcher"                   [_thread_blocked, id=26808, stack(0x000000786d200000,0x000000786d300000) (1024K)]
  0x000002337f8ea5f0 JavaThread "Thread-2"                   daemon [_thread_in_native, id=30600, stack(0x000000786d100000,0x000000786d200000) (1024K)]
  0x000002337f9e6d60 JavaThread "C2 CompilerThread3"         daemon [_thread_in_native, id=13520, stack(0x000000786f900000,0x000000786fa00000) (1024K)]
=>0x000002337fb5b330 JavaThread "C2 CompilerThread4"         daemon [_thread_in_native, id=4792, stack(0x000000786fa00000,0x000000786fb00000) (1024K)]
  0x000002337f9b9c60 JavaThread "C2 CompilerThread5"         daemon [_thread_in_native, id=33100, stack(0x000000786fb00000,0x000000786fc00000) (1024K)]
  0x000002337fab9200 JavaThread "C2 CompilerThread6"         daemon [_thread_in_native, id=33080, stack(0x000000786fc00000,0x000000786fd00000) (1024K)]
  0x000002337fdcd6d0 JavaThread "C2 CompilerThread7"         daemon [_thread_in_vm, id=15500, stack(0x000000786fd00000,0x000000786fe00000) (1024K)]
Total: 26

Other Threads:
  0x0000023337b87930 VMThread "VM Thread"                           [id=23288, stack(0x000000786c200000,0x000000786c300000) (1024K)]
  0x0000023337b6d7c0 WatcherThread "VM Periodic Task Thread"        [id=33772, stack(0x000000786c100000,0x000000786c200000) (1024K)]
  0x00000233132e3af0 WorkerThread "GC Thread#0"                     [id=32260, stack(0x000000786bc00000,0x000000786bd00000) (1024K)]
  0x000002337f394ca0 WorkerThread "GC Thread#1"                     [id=33188, stack(0x000000786ee00000,0x000000786ef00000) (1024K)]
  0x000002337f3941c0 WorkerThread "GC Thread#2"                     [id=30888, stack(0x000000786ef00000,0x000000786f000000) (1024K)]
  0x000002337f394900 WorkerThread "GC Thread#3"                     [id=29020, stack(0x000000786f000000,0x000000786f100000) (1024K)]
  0x000002337f395780 WorkerThread "GC Thread#4"                     [id=26324, stack(0x000000786f100000,0x000000786f200000) (1024K)]
  0x000002337f393e20 WorkerThread "GC Thread#5"                     [id=32276, stack(0x000000786f200000,0x000000786f300000) (1024K)]
  0x000002337f394560 WorkerThread "GC Thread#6"                     [id=31188, stack(0x000000786f300000,0x000000786f400000) (1024K)]
  0x000002337f8a7340 WorkerThread "GC Thread#7"                     [id=33572, stack(0x000000786f400000,0x000000786f500000) (1024K)]
  0x000002337f8a6120 WorkerThread "GC Thread#8"                     [id=9296, stack(0x000000786f500000,0x000000786f600000) (1024K)]
  0x000002337f8a76e0 WorkerThread "GC Thread#9"                     [id=31452, stack(0x000000786f600000,0x000000786f700000) (1024K)]
  0x000002337f8a64c0 WorkerThread "GC Thread#10"                    [id=27896, stack(0x000000786f700000,0x000000786f800000) (1024K)]
  0x000002337f8a7a80 WorkerThread "GC Thread#11"                    [id=32884, stack(0x000000786f800000,0x000000786f900000) (1024K)]
  0x00000233132f4c60 ConcurrentGCThread "G1 Main Marker"            [id=22828, stack(0x000000786bd00000,0x000000786be00000) (1024K)]
  0x00000233132f6710 WorkerThread "G1 Conc#0"                       [id=29488, stack(0x000000786be00000,0x000000786bf00000) (1024K)]
  0x0000023337aad4b0 ConcurrentGCThread "G1 Refine#0"               [id=33652, stack(0x000000786bf00000,0x000000786c000000) (1024K)]
  0x0000023337aae020 ConcurrentGCThread "G1 Service"                [id=22892, stack(0x000000786c000000,0x000000786c100000) (1024K)]
Total: 18

Threads with active compile tasks:
C2 CompilerThread0      554 1333       4       java.lang.AbstractStringBuilder::append (77 bytes)
C2 CompilerThread1      554 1278       4       java.lang.StringBuilder::append (8 bytes)
C2 CompilerThread2      554 1201       4       java.util.Locale::forLanguageTag (74 bytes)
C2 CompilerThread3      554 1204       4       sun.util.locale.InternalLocaleBuilder::setLanguageTag (173 bytes)
C2 CompilerThread4      554 1154       4       sun.util.locale.BaseLocale::getInstance (150 bytes)
C2 CompilerThread5      554 1202       4       sun.util.locale.LanguageTag::parse (205 bytes)
C2 CompilerThread6      554 1205       4       sun.util.locale.InternalLocaleBuilder::getBaseLocale (187 bytes)
C2 CompilerThread7      554 1372       4       java.lang.StringLatin1::inflate (34 bytes)
Total: 8

VM state: not at safepoint (normal execution)

VM Mutex/Monitor currently owned by a thread: None

Heap address: 0x0000000601800000, size: 8168 MB, Compressed Oops mode: Zero based, Oop shift amount: 3

CDS archive(s) mapped at: [0x0000023339000000-0x0000023339c90000-0x0000023339c90000), size 13172736, SharedBaseAddress: 0x0000023339000000, ArchiveRelocationMode: 1.
Compressed class space mapped at: 0x000002333a000000-0x000002337a000000, reserved size: 1073741824
Narrow klass base: 0x0000023339000000, Narrow klass shift: 0, Narrow klass range: 0x100000000

GC Precious Log:
 CardTable entry size: 512
 Card Set container configuration: InlinePtr #cards 4 size 8 Array Of Cards #cards 32 size 80 Howl #buckets 8 coarsen threshold 7372 Howl Bitmap #cards 1024 size 144 coarsen threshold 921 Card regions per heap region 1 cards per card region 8192
 CPUs: 24 total, 24 available
 Memory: 32670M
 Large Page Support: Disabled
 NUMA Support: Disabled
 Compressed Oops: Enabled (Zero based)
 Heap Region Size: 4M
 Heap Min Capacity: 8M
 Heap Initial Capacity: 512M
 Heap Max Capacity: 8168M
 Pre-touch: Disabled
 Parallel Workers: 18
 Concurrent Workers: 5
 Concurrent Refinement Workers: 18
 Periodic GC: Disabled

Heap:
 garbage-first heap   total 524288K, used 10823K [0x0000000601800000, 0x0000000800000000)
  region size 4096K, 4 young (16384K), 1 survivors (4096K)
 Metaspace       used 4934K, committed 5120K, reserved 1114112K
  class space    used 550K, committed 640K, reserved 1048576K

Heap Regions: E=young(eden), S=young(survivor), O=old, HS=humongous(starts), HC=humongous(continues), CS=collection set, F=free, TAMS=top-at-mark-start, PB=parsable bottom
|   0|0x0000000601800000, 0x0000000601800000, 0x0000000601c00000|  0%| F|  |TAMS 0x0000000601800000| PB 0x0000000601800000| Untracked 
|   1|0x0000000601c00000, 0x0000000601c00000, 0x0000000602000000|  0%| F|  |TAMS 0x0000000601c00000| PB 0x0000000601c00000| Untracked 
|   2|0x0000000602000000, 0x0000000602000000, 0x0000000602400000|  0%| F|  |TAMS 0x0000000602000000| PB 0x0000000602000000| Untracked 
|   3|0x0000000602400000, 0x0000000602400000, 0x0000000602800000|  0%| F|  |TAMS 0x0000000602400000| PB 0x0000000602400000| Untracked 
|   4|0x0000000602800000, 0x0000000602800000, 0x0000000602c00000|  0%| F|  |TAMS 0x0000000602800000| PB 0x0000000602800000| Untracked 
|   5|0x0000000602c00000, 0x0000000602c00000, 0x0000000603000000|  0%| F|  |TAMS 0x0000000602c00000| PB 0x0000000602c00000| Untracked 
|   6|0x0000000603000000, 0x0000000603000000, 0x0000000603400000|  0%| F|  |TAMS 0x0000000603000000| PB 0x0000000603000000| Untracked 
|   7|0x0000000603400000, 0x0000000603400000, 0x0000000603800000|  0%| F|  |TAMS 0x0000000603400000| PB 0x0000000603400000| Untracked 
|   8|0x0000000603800000, 0x0000000603800000, 0x0000000603c00000|  0%| F|  |TAMS 0x0000000603800000| PB 0x0000000603800000| Untracked 
|   9|0x0000000603c00000, 0x0000000603c00000, 0x0000000604000000|  0%| F|  |TAMS 0x0000000603c00000| PB 0x0000000603c00000| Untracked 
|  10|0x0000000604000000, 0x0000000604000000, 0x0000000604400000|  0%| F|  |TAMS 0x0000000604000000| PB 0x0000000604000000| Untracked 
|  11|0x0000000604400000, 0x0000000604400000, 0x0000000604800000|  0%| F|  |TAMS 0x0000000604400000| PB 0x0000000604400000| Untracked 
|  12|0x0000000604800000, 0x0000000604800000, 0x0000000604c00000|  0%| F|  |TAMS 0x0000000604800000| PB 0x0000000604800000| Untracked 
|  13|0x0000000604c00000, 0x0000000604c00000, 0x0000000605000000|  0%| F|  |TAMS 0x0000000604c00000| PB 0x0000000604c00000| Untracked 
|  14|0x0000000605000000, 0x0000000605000000, 0x0000000605400000|  0%| F|  |TAMS 0x0000000605000000| PB 0x0000000605000000| Untracked 
|  15|0x0000000605400000, 0x0000000605400000, 0x0000000605800000|  0%| F|  |TAMS 0x0000000605400000| PB 0x0000000605400000| Untracked 
|  16|0x0000000605800000, 0x0000000605800000, 0x0000000605c00000|  0%| F|  |TAMS 0x0000000605800000| PB 0x0000000605800000| Untracked 
|  17|0x0000000605c00000, 0x0000000605c00000, 0x0000000606000000|  0%| F|  |TAMS 0x0000000605c00000| PB 0x0000000605c00000| Untracked 
|  18|0x0000000606000000, 0x0000000606000000, 0x0000000606400000|  0%| F|  |TAMS 0x0000000606000000| PB 0x0000000606000000| Untracked 
|  19|0x0000000606400000, 0x0000000606400000, 0x0000000606800000|  0%| F|  |TAMS 0x0000000606400000| PB 0x0000000606400000| Untracked 
|  20|0x0000000606800000, 0x0000000606800000, 0x0000000606c00000|  0%| F|  |TAMS 0x0000000606800000| PB 0x0000000606800000| Untracked 
|  21|0x0000000606c00000, 0x0000000606c00000, 0x0000000607000000|  0%| F|  |TAMS 0x0000000606c00000| PB 0x0000000606c00000| Untracked 
|  22|0x0000000607000000, 0x0000000607000000, 0x0000000607400000|  0%| F|  |TAMS 0x0000000607000000| PB 0x0000000607000000| Untracked 
|  23|0x0000000607400000, 0x0000000607400000, 0x0000000607800000|  0%| F|  |TAMS 0x0000000607400000| PB 0x0000000607400000| Untracked 
|  24|0x0000000607800000, 0x0000000607800000, 0x0000000607c00000|  0%| F|  |TAMS 0x0000000607800000| PB 0x0000000607800000| Untracked 
|  25|0x0000000607c00000, 0x0000000607c00000, 0x0000000608000000|  0%| F|  |TAMS 0x0000000607c00000| PB 0x0000000607c00000| Untracked 
|  26|0x0000000608000000, 0x0000000608000000, 0x0000000608400000|  0%| F|  |TAMS 0x0000000608000000| PB 0x0000000608000000| Untracked 
|  27|0x0000000608400000, 0x0000000608400000, 0x0000000608800000|  0%| F|  |TAMS 0x0000000608400000| PB 0x0000000608400000| Untracked 
|  28|0x0000000608800000, 0x0000000608800000, 0x0000000608c00000|  0%| F|  |TAMS 0x0000000608800000| PB 0x0000000608800000| Untracked 
|  29|0x0000000608c00000, 0x0000000608c00000, 0x0000000609000000|  0%| F|  |TAMS 0x0000000608c00000| PB 0x0000000608c00000| Untracked 
|  30|0x0000000609000000, 0x0000000609000000, 0x0000000609400000|  0%| F|  |TAMS 0x0000000609000000| PB 0x0000000609000000| Untracked 
|  31|0x0000000609400000, 0x0000000609400000, 0x0000000609800000|  0%| F|  |TAMS 0x0000000609400000| PB 0x0000000609400000| Untracked 
|  32|0x0000000609800000, 0x0000000609800000, 0x0000000609c00000|  0%| F|  |TAMS 0x0000000609800000| PB 0x0000000609800000| Untracked 
|  33|0x0000000609c00000, 0x0000000609c00000, 0x000000060a000000|  0%| F|  |TAMS 0x0000000609c00000| PB 0x0000000609c00000| Untracked 
|  34|0x000000060a000000, 0x000000060a000000, 0x000000060a400000|  0%| F|  |TAMS 0x000000060a000000| PB 0x000000060a000000| Untracked 
|  35|0x000000060a400000, 0x000000060a400000, 0x000000060a800000|  0%| F|  |TAMS 0x000000060a400000| PB 0x000000060a400000| Untracked 
|  36|0x000000060a800000, 0x000000060a800000, 0x000000060ac00000|  0%| F|  |TAMS 0x000000060a800000| PB 0x000000060a800000| Untracked 
|  37|0x000000060ac00000, 0x000000060ac00000, 0x000000060b000000|  0%| F|  |TAMS 0x000000060ac00000| PB 0x000000060ac00000| Untracked 
|  38|0x000000060b000000, 0x000000060b000000, 0x000000060b400000|  0%| F|  |TAMS 0x000000060b000000| PB 0x000000060b000000| Untracked 
|  39|0x000000060b400000, 0x000000060b400000, 0x000000060b800000|  0%| F|  |TAMS 0x000000060b400000| PB 0x000000060b400000| Untracked 
|  40|0x000000060b800000, 0x000000060b800000, 0x000000060bc00000|  0%| F|  |TAMS 0x000000060b800000| PB 0x000000060b800000| Untracked 
|  41|0x000000060bc00000, 0x000000060bc00000, 0x000000060c000000|  0%| F|  |TAMS 0x000000060bc00000| PB 0x000000060bc00000| Untracked 
|  42|0x000000060c000000, 0x000000060c000000, 0x000000060c400000|  0%| F|  |TAMS 0x000000060c000000| PB 0x000000060c000000| Untracked 
|  43|0x000000060c400000, 0x000000060c400000, 0x000000060c800000|  0%| F|  |TAMS 0x000000060c400000| PB 0x000000060c400000| Untracked 
|  44|0x000000060c800000, 0x000000060c800000, 0x000000060cc00000|  0%| F|  |TAMS 0x000000060c800000| PB 0x000000060c800000| Untracked 
|  45|0x000000060cc00000, 0x000000060cc00000, 0x000000060d000000|  0%| F|  |TAMS 0x000000060cc00000| PB 0x000000060cc00000| Untracked 
|  46|0x000000060d000000, 0x000000060d000000, 0x000000060d400000|  0%| F|  |TAMS 0x000000060d000000| PB 0x000000060d000000| Untracked 
|  47|0x000000060d400000, 0x000000060d400000, 0x000000060d800000|  0%| F|  |TAMS 0x000000060d400000| PB 0x000000060d400000| Untracked 
|  48|0x000000060d800000, 0x000000060d800000, 0x000000060dc00000|  0%| F|  |TAMS 0x000000060d800000| PB 0x000000060d800000| Untracked 
|  49|0x000000060dc00000, 0x000000060dc00000, 0x000000060e000000|  0%| F|  |TAMS 0x000000060dc00000| PB 0x000000060dc00000| Untracked 
|  50|0x000000060e000000, 0x000000060e000000, 0x000000060e400000|  0%| F|  |TAMS 0x000000060e000000| PB 0x000000060e000000| Untracked 
|  51|0x000000060e400000, 0x000000060e400000, 0x000000060e800000|  0%| F|  |TAMS 0x000000060e400000| PB 0x000000060e400000| Untracked 
|  52|0x000000060e800000, 0x000000060e800000, 0x000000060ec00000|  0%| F|  |TAMS 0x000000060e800000| PB 0x000000060e800000| Untracked 
|  53|0x000000060ec00000, 0x000000060ec00000, 0x000000060f000000|  0%| F|  |TAMS 0x000000060ec00000| PB 0x000000060ec00000| Untracked 
|  54|0x000000060f000000, 0x000000060f000000, 0x000000060f400000|  0%| F|  |TAMS 0x000000060f000000| PB 0x000000060f000000| Untracked 
|  55|0x000000060f400000, 0x000000060f400000, 0x000000060f800000|  0%| F|  |TAMS 0x000000060f400000| PB 0x000000060f400000| Untracked 
|  56|0x000000060f800000, 0x000000060f800000, 0x000000060fc00000|  0%| F|  |TAMS 0x000000060f800000| PB 0x000000060f800000| Untracked 
|  57|0x000000060fc00000, 0x000000060fc00000, 0x0000000610000000|  0%| F|  |TAMS 0x000000060fc00000| PB 0x000000060fc00000| Untracked 
|  58|0x0000000610000000, 0x0000000610000000, 0x0000000610400000|  0%| F|  |TAMS 0x0000000610000000| PB 0x0000000610000000| Untracked 
|  59|0x0000000610400000, 0x0000000610400000, 0x0000000610800000|  0%| F|  |TAMS 0x0000000610400000| PB 0x0000000610400000| Untracked 
|  60|0x0000000610800000, 0x0000000610800000, 0x0000000610c00000|  0%| F|  |TAMS 0x0000000610800000| PB 0x0000000610800000| Untracked 
|  61|0x0000000610c00000, 0x0000000610c00000, 0x0000000611000000|  0%| F|  |TAMS 0x0000000610c00000| PB 0x0000000610c00000| Untracked 
|  62|0x0000000611000000, 0x0000000611000000, 0x0000000611400000|  0%| F|  |TAMS 0x0000000611000000| PB 0x0000000611000000| Untracked 
|  63|0x0000000611400000, 0x0000000611400000, 0x0000000611800000|  0%| F|  |TAMS 0x0000000611400000| PB 0x0000000611400000| Untracked 
|  64|0x0000000611800000, 0x0000000611800000, 0x0000000611c00000|  0%| F|  |TAMS 0x0000000611800000| PB 0x0000000611800000| Untracked 
|  65|0x0000000611c00000, 0x0000000611c00000, 0x0000000612000000|  0%| F|  |TAMS 0x0000000611c00000| PB 0x0000000611c00000| Untracked 
|  66|0x0000000612000000, 0x0000000612000000, 0x0000000612400000|  0%| F|  |TAMS 0x0000000612000000| PB 0x0000000612000000| Untracked 
|  67|0x0000000612400000, 0x0000000612400000, 0x0000000612800000|  0%| F|  |TAMS 0x0000000612400000| PB 0x0000000612400000| Untracked 
|  68|0x0000000612800000, 0x0000000612800000, 0x0000000612c00000|  0%| F|  |TAMS 0x0000000612800000| PB 0x0000000612800000| Untracked 
|  69|0x0000000612c00000, 0x0000000612c00000, 0x0000000613000000|  0%| F|  |TAMS 0x0000000612c00000| PB 0x0000000612c00000| Untracked 
|  70|0x0000000613000000, 0x0000000613000000, 0x0000000613400000|  0%| F|  |TAMS 0x0000000613000000| PB 0x0000000613000000| Untracked 
|  71|0x0000000613400000, 0x0000000613400000, 0x0000000613800000|  0%| F|  |TAMS 0x0000000613400000| PB 0x0000000613400000| Untracked 
|  72|0x0000000613800000, 0x0000000613800000, 0x0000000613c00000|  0%| F|  |TAMS 0x0000000613800000| PB 0x0000000613800000| Untracked 
|  73|0x0000000613c00000, 0x0000000613c00000, 0x0000000614000000|  0%| F|  |TAMS 0x0000000613c00000| PB 0x0000000613c00000| Untracked 
|  74|0x0000000614000000, 0x0000000614000000, 0x0000000614400000|  0%| F|  |TAMS 0x0000000614000000| PB 0x0000000614000000| Untracked 
|  75|0x0000000614400000, 0x0000000614400000, 0x0000000614800000|  0%| F|  |TAMS 0x0000000614400000| PB 0x0000000614400000| Untracked 
|  76|0x0000000614800000, 0x0000000614800000, 0x0000000614c00000|  0%| F|  |TAMS 0x0000000614800000| PB 0x0000000614800000| Untracked 
|  77|0x0000000614c00000, 0x0000000614c00000, 0x0000000615000000|  0%| F|  |TAMS 0x0000000614c00000| PB 0x0000000614c00000| Untracked 
|  78|0x0000000615000000, 0x0000000615000000, 0x0000000615400000|  0%| F|  |TAMS 0x0000000615000000| PB 0x0000000615000000| Untracked 
|  79|0x0000000615400000, 0x0000000615400000, 0x0000000615800000|  0%| F|  |TAMS 0x0000000615400000| PB 0x0000000615400000| Untracked 
|  80|0x0000000615800000, 0x0000000615800000, 0x0000000615c00000|  0%| F|  |TAMS 0x0000000615800000| PB 0x0000000615800000| Untracked 
|  81|0x0000000615c00000, 0x0000000615c00000, 0x0000000616000000|  0%| F|  |TAMS 0x0000000615c00000| PB 0x0000000615c00000| Untracked 
|  82|0x0000000616000000, 0x0000000616000000, 0x0000000616400000|  0%| F|  |TAMS 0x0000000616000000| PB 0x0000000616000000| Untracked 
|  83|0x0000000616400000, 0x0000000616400000, 0x0000000616800000|  0%| F|  |TAMS 0x0000000616400000| PB 0x0000000616400000| Untracked 
|  84|0x0000000616800000, 0x0000000616800000, 0x0000000616c00000|  0%| F|  |TAMS 0x0000000616800000| PB 0x0000000616800000| Untracked 
|  85|0x0000000616c00000, 0x0000000616c00000, 0x0000000617000000|  0%| F|  |TAMS 0x0000000616c00000| PB 0x0000000616c00000| Untracked 
|  86|0x0000000617000000, 0x0000000617000000, 0x0000000617400000|  0%| F|  |TAMS 0x0000000617000000| PB 0x0000000617000000| Untracked 
|  87|0x0000000617400000, 0x0000000617400000, 0x0000000617800000|  0%| F|  |TAMS 0x0000000617400000| PB 0x0000000617400000| Untracked 
|  88|0x0000000617800000, 0x0000000617800000, 0x0000000617c00000|  0%| F|  |TAMS 0x0000000617800000| PB 0x0000000617800000| Untracked 
|  89|0x0000000617c00000, 0x0000000617c00000, 0x0000000618000000|  0%| F|  |TAMS 0x0000000617c00000| PB 0x0000000617c00000| Untracked 
|  90|0x0000000618000000, 0x0000000618000000, 0x0000000618400000|  0%| F|  |TAMS 0x0000000618000000| PB 0x0000000618000000| Untracked 
|  91|0x0000000618400000, 0x0000000618400000, 0x0000000618800000|  0%| F|  |TAMS 0x0000000618400000| PB 0x0000000618400000| Untracked 
|  92|0x0000000618800000, 0x0000000618800000, 0x0000000618c00000|  0%| F|  |TAMS 0x0000000618800000| PB 0x0000000618800000| Untracked 
|  93|0x0000000618c00000, 0x0000000618c00000, 0x0000000619000000|  0%| F|  |TAMS 0x0000000618c00000| PB 0x0000000618c00000| Untracked 
|  94|0x0000000619000000, 0x0000000619000000, 0x0000000619400000|  0%| F|  |TAMS 0x0000000619000000| PB 0x0000000619000000| Untracked 
|  95|0x0000000619400000, 0x0000000619400000, 0x0000000619800000|  0%| F|  |TAMS 0x0000000619400000| PB 0x0000000619400000| Untracked 
|  96|0x0000000619800000, 0x0000000619800000, 0x0000000619c00000|  0%| F|  |TAMS 0x0000000619800000| PB 0x0000000619800000| Untracked 
|  97|0x0000000619c00000, 0x0000000619c00000, 0x000000061a000000|  0%| F|  |TAMS 0x0000000619c00000| PB 0x0000000619c00000| Untracked 
|  98|0x000000061a000000, 0x000000061a000000, 0x000000061a400000|  0%| F|  |TAMS 0x000000061a000000| PB 0x000000061a000000| Untracked 
|  99|0x000000061a400000, 0x000000061a400000, 0x000000061a800000|  0%| F|  |TAMS 0x000000061a400000| PB 0x000000061a400000| Untracked 
| 100|0x000000061a800000, 0x000000061a800000, 0x000000061ac00000|  0%| F|  |TAMS 0x000000061a800000| PB 0x000000061a800000| Untracked 
| 101|0x000000061ac00000, 0x000000061ac00000, 0x000000061b000000|  0%| F|  |TAMS 0x000000061ac00000| PB 0x000000061ac00000| Untracked 
| 102|0x000000061b000000, 0x000000061b000000, 0x000000061b400000|  0%| F|  |TAMS 0x000000061b000000| PB 0x000000061b000000| Untracked 
| 103|0x000000061b400000, 0x000000061b400000, 0x000000061b800000|  0%| F|  |TAMS 0x000000061b400000| PB 0x000000061b400000| Untracked 
| 104|0x000000061b800000, 0x000000061b800000, 0x000000061bc00000|  0%| F|  |TAMS 0x000000061b800000| PB 0x000000061b800000| Untracked 
| 105|0x000000061bc00000, 0x000000061bc00000, 0x000000061c000000|  0%| F|  |TAMS 0x000000061bc00000| PB 0x000000061bc00000| Untracked 
| 106|0x000000061c000000, 0x000000061c000000, 0x000000061c400000|  0%| F|  |TAMS 0x000000061c000000| PB 0x000000061c000000| Untracked 
| 107|0x000000061c400000, 0x000000061c400000, 0x000000061c800000|  0%| F|  |TAMS 0x000000061c400000| PB 0x000000061c400000| Untracked 
| 108|0x000000061c800000, 0x000000061c800000, 0x000000061cc00000|  0%| F|  |TAMS 0x000000061c800000| PB 0x000000061c800000| Untracked 
| 109|0x000000061cc00000, 0x000000061cc00000, 0x000000061d000000|  0%| F|  |TAMS 0x000000061cc00000| PB 0x000000061cc00000| Untracked 
| 110|0x000000061d000000, 0x000000061d000000, 0x000000061d400000|  0%| F|  |TAMS 0x000000061d000000| PB 0x000000061d000000| Untracked 
| 111|0x000000061d400000, 0x000000061d400000, 0x000000061d800000|  0%| F|  |TAMS 0x000000061d400000| PB 0x000000061d400000| Untracked 
| 112|0x000000061d800000, 0x000000061d800000, 0x000000061dc00000|  0%| F|  |TAMS 0x000000061d800000| PB 0x000000061d800000| Untracked 
| 113|0x000000061dc00000, 0x000000061dc00000, 0x000000061e000000|  0%| F|  |TAMS 0x000000061dc00000| PB 0x000000061dc00000| Untracked 
| 114|0x000000061e000000, 0x000000061e000000, 0x000000061e400000|  0%| F|  |TAMS 0x000000061e000000| PB 0x000000061e000000| Untracked 
| 115|0x000000061e400000, 0x000000061e400000, 0x000000061e800000|  0%| F|  |TAMS 0x000000061e400000| PB 0x000000061e400000| Untracked 
| 116|0x000000061e800000, 0x000000061e800000, 0x000000061ec00000|  0%| F|  |TAMS 0x000000061e800000| PB 0x000000061e800000| Untracked 
| 117|0x000000061ec00000, 0x000000061ec00000, 0x000000061f000000|  0%| F|  |TAMS 0x000000061ec00000| PB 0x000000061ec00000| Untracked 
| 118|0x000000061f000000, 0x000000061f000000, 0x000000061f400000|  0%| F|  |TAMS 0x000000061f000000| PB 0x000000061f000000| Untracked 
| 119|0x000000061f400000, 0x000000061f400000, 0x000000061f800000|  0%| F|  |TAMS 0x000000061f400000| PB 0x000000061f400000| Untracked 
| 120|0x000000061f800000, 0x000000061f800000, 0x000000061fc00000|  0%| F|  |TAMS 0x000000061f800000| PB 0x000000061f800000| Untracked 
| 121|0x000000061fc00000, 0x000000061fe91d18, 0x0000000620000000| 64%| S|CS|TAMS 0x000000061fc00000| PB 0x000000061fc00000| Complete 
| 122|0x0000000620000000, 0x0000000620000000, 0x0000000620400000|  0%| F|  |TAMS 0x0000000620000000| PB 0x0000000620000000| Untracked 
| 123|0x0000000620400000, 0x0000000620400000, 0x0000000620800000|  0%| F|  |TAMS 0x0000000620400000| PB 0x0000000620400000| Untracked 
| 124|0x0000000620800000, 0x0000000620800000, 0x0000000620c00000|  0%| F|  |TAMS 0x0000000620800000| PB 0x0000000620800000| Untracked 
| 125|0x0000000620c00000, 0x0000000620d9c328, 0x0000000621000000| 40%| E|  |TAMS 0x0000000620c00000| PB 0x0000000620c00000| Complete 
| 126|0x0000000621000000, 0x0000000621400000, 0x0000000621400000|100%| E|CS|TAMS 0x0000000621000000| PB 0x0000000621000000| Complete 
| 127|0x0000000621400000, 0x0000000621800000, 0x0000000621800000|100%| E|CS|TAMS 0x0000000621400000| PB 0x0000000621400000| Complete 

Card table byte_map: [0x000002332c6e0000,0x000002332d6e0000] _byte_map_base: 0x00000233296d4000

Marking Bits: (CMBitMap*) 0x00000233132e41f0
 Bits: [0x000002332d6e0000, 0x0000023335680000)

Polling page: 0x0000023310e20000

Metaspace:

Usage:
  Non-class:      4.28 MB used.
      Class:    550.33 KB used.
       Both:      4.82 MB used.

Virtual space:
  Non-class space:       64.00 MB reserved,       4.38 MB (  7%) committed,  1 nodes.
      Class space:        1.00 GB reserved,     640.00 KB ( <1%) committed,  1 nodes.
             Both:        1.06 GB reserved,       5.00 MB ( <1%) committed. 

Chunk freelists:
   Non-Class:  9.59 MB
       Class:  15.33 MB
        Both:  24.91 MB

MaxMetaspaceSize: unlimited
CompressedClassSpaceSize: 1.00 GB
Initial GC threshold: 21.00 MB
Current GC threshold: 21.00 MB
CDS: on
 - commit_granule_bytes: 65536.
 - commit_granule_words: 8192.
 - virtual_space_node_default_size: 8388608.
 - enlarge_chunks_in_place: 1.
 - use_allocation_guard: 0.


Internal statistics:

num_allocs_failed_limit: 0.
num_arena_births: 118.
num_arena_deaths: 0.
num_vsnodes_births: 2.
num_vsnodes_deaths: 0.
num_space_committed: 80.
num_space_uncommitted: 0.
num_chunks_returned_to_freelist: 0.
num_chunks_taken_from_freelist: 258.
num_chunk_merges: 0.
num_chunk_splits: 172.
num_chunks_enlarged: 115.
num_inconsistent_stats: 0.

CodeHeap 'non-profiled nmethods': size=119168Kb used=513Kb max_used=513Kb free=118654Kb
 bounds [0x00000233234b0000, 0x0000023323720000, 0x000002332a910000]
CodeHeap 'profiled nmethods': size=119104Kb used=2445Kb max_used=2445Kb free=116658Kb
 bounds [0x000002331b910000, 0x000002331bb80000, 0x0000023322d60000]
CodeHeap 'non-nmethods': size=7488Kb used=3123Kb max_used=3155Kb free=4364Kb
 bounds [0x0000023322d60000, 0x0000023323080000, 0x00000233234b0000]
 total_blobs=1892 nmethods=1369 adapters=425
 compilation: enabled
              stopped_count=0, restarted_count=0
 full_count=0

Compilation events (20 events):
Event: 0.522 Thread 0x000002337a251de0 1315       3       java.io.File::<init> (111 bytes)
Event: 0.523 Thread 0x000002337a08cc90 nmethod 1313 0x000002331bb42d90 code [0x000002331bb43000, 0x000002331bb43a38]
Event: 0.523 Thread 0x000002337a251de0 nmethod 1315 0x000002331bb43d10 code [0x000002331bb43fc0, 0x000002331bb44b30]
Event: 0.523 Thread 0x000002337a08cc90 1316       3       java.util.stream.DistinctOps$1$2::accept (24 bytes)
Event: 0.524 Thread 0x000002337a08cc90 nmethod 1316 0x000002331bb44f90 code [0x000002331bb45140, 0x000002331bb45438]
Event: 0.525 Thread 0x000002337a251730 nmethod 1198 0x0000023323525810 code [0x0000023323525b40, 0x00000233235269e0]
Event: 0.525 Thread 0x000002337a122bf0 nmethod 1311 0x000002331bb45510 code [0x000002331bb45a40, 0x000002331bb48928]
Event: 0.526 Thread 0x000002337a08cc90 1317       3       java.util.Locale::getCompatibilityExtensions (93 bytes)
Event: 0.526 Thread 0x000002337a08cc90 nmethod 1317 0x000002331bb49a10 code [0x000002331bb49c40, 0x000002331bb4a240]
Event: 0.529 Thread 0x000002337a251730 1285       4       jdk.internal.misc.Unsafe::allocateUninitializedArray (55 bytes)
Event: 0.529 Thread 0x000002337a122bf0 1318       3       java.util.Locale::getInstance (58 bytes)
Event: 0.529 Thread 0x000002337a137290 1319       3       java.util.Locale::convertOldISOCodes (11 bytes)
Event: 0.529 Thread 0x000002337a251de0 1320  s    3       java.lang.Throwable::fillInStackTrace (29 bytes)
Event: 0.529 Thread 0x000002337a137290 nmethod 1319 0x000002331bb4a490 code [0x000002331bb4a660, 0x000002331bb4a7f0]
Event: 0.530 Thread 0x000002337a251de0 nmethod 1320 0x000002331bb4a910 code [0x000002331bb4aac0, 0x000002331bb4adc8]
Event: 0.530 Thread 0x000002337a122bf0 nmethod 1318 0x000002331bb4ae90 code [0x000002331bb4b0a0, 0x000002331bb4b550]
Event: 0.531 Thread 0x000002337a122bf0 1322       3       java.util.ArrayList::toArray (12 bytes)
Event: 0.531 Thread 0x000002337a251730 nmethod 1285 0x0000023323527d10 code [0x0000023323527ea0, 0x0000023323528060]
Event: 0.531 Thread 0x000002337a122bf0 nmethod 1322 0x000002331bb4b710 code [0x000002331bb4b8c0, 0x000002331bb4baa0]
Event: 0.532 Thread 0x000002337a251730 1203       4       sun.util.locale.BaseLocale::convertOldISOCodes (238 bytes)

GC Heap History (2 events):
Event: 0.419 GC heap before
{Heap before GC invocations=0 (full 0):
 garbage-first heap   total 524288K, used 24576K [0x0000000601800000, 0x0000000800000000)
  region size 4096K, 6 young (24576K), 0 survivors (0K)
 Metaspace       used 4215K, committed 4416K, reserved 1114112K
  class space    used 477K, committed 576K, reserved 1048576K
}
Event: 0.422 GC heap after
{Heap after GC invocations=1 (full 0):
 garbage-first heap   total 524288K, used 2631K [0x0000000601800000, 0x0000000800000000)
  region size 4096K, 1 young (4096K), 1 survivors (4096K)
 Metaspace       used 4215K, committed 4416K, reserved 1114112K
  class space    used 477K, committed 576K, reserved 1048576K
}

Dll operation events (20 events):
Event: 0.224 Loaded shared library C:\Users\Candi\.openjfx\cache\23.0.2+3\amd64\api-ms-win-crt-heap-l1-1-0.dll
Event: 0.226 Loaded shared library C:\Users\Candi\.openjfx\cache\23.0.2+3\amd64\api-ms-win-crt-locale-l1-1-0.dll
Event: 0.228 Loaded shared library C:\Users\Candi\.openjfx\cache\23.0.2+3\amd64\api-ms-win-crt-math-l1-1-0.dll
Event: 0.230 Loaded shared library C:\Users\Candi\.openjfx\cache\23.0.2+3\amd64\api-ms-win-crt-multibyte-l1-1-0.dll
Event: 0.232 Loaded shared library C:\Users\Candi\.openjfx\cache\23.0.2+3\amd64\api-ms-win-crt-private-l1-1-0.dll
Event: 0.234 Loaded shared library C:\Users\Candi\.openjfx\cache\23.0.2+3\amd64\api-ms-win-crt-process-l1-1-0.dll
Event: 0.236 Loaded shared library C:\Users\Candi\.openjfx\cache\23.0.2+3\amd64\api-ms-win-crt-runtime-l1-1-0.dll
Event: 0.238 Loaded shared library C:\Users\Candi\.openjfx\cache\23.0.2+3\amd64\api-ms-win-crt-stdio-l1-1-0.dll
Event: 0.240 Loaded shared library C:\Users\Candi\.openjfx\cache\23.0.2+3\amd64\api-ms-win-crt-string-l1-1-0.dll
Event: 0.242 Loaded shared library C:\Users\Candi\.openjfx\cache\23.0.2+3\amd64\api-ms-win-crt-time-l1-1-0.dll
Event: 0.244 Loaded shared library C:\Users\Candi\.openjfx\cache\23.0.2+3\amd64\api-ms-win-crt-utility-l1-1-0.dll
Event: 0.252 Loaded shared library C:\Users\Candi\.openjfx\cache\23.0.2+3\amd64\ucrtbase.dll
Event: 0.255 Loaded shared library C:\Users\Candi\.openjfx\cache\23.0.2+3\amd64\vcruntime140.dll
Event: 0.257 Loaded shared library C:\Users\Candi\.openjfx\cache\23.0.2+3\amd64\vcruntime140_1.dll
Event: 0.262 Loaded shared library C:\Users\Candi\.openjfx\cache\23.0.2+3\amd64\msvcp140.dll
Event: 0.264 Loaded shared library C:\Users\Candi\.openjfx\cache\23.0.2+3\amd64\msvcp140_1.dll
Event: 0.268 Loaded shared library C:\Users\Candi\.openjfx\cache\23.0.2+3\amd64\msvcp140_2.dll
Event: 0.289 Loaded shared library C:\Users\Candi\.openjfx\cache\23.0.2+3\amd64\prism_d3d.dll
Event: 0.325 Loaded shared library C:\Users\Candi\.openjfx\cache\23.0.2+3\amd64\glass.dll
Event: 0.426 Loaded shared library C:\Program Files\Microsoft\jdk-21.0.4.7-hotspot\bin\jimage.dll

Deoptimization events (20 events):
Event: 0.429 Thread 0x000002337f264500 Uncommon trap: trap_request=0xffffffde fr.pc=0x00000233235093c4 relative=0x0000000000000124
Event: 0.429 Thread 0x000002337f264500 Uncommon trap: reason=class_check action=maybe_recompile pc=0x00000233235093c4 method=jdk.internal.misc.Unsafe.allocateUninitializedArray(Ljava/lang/Class;I)Ljava/lang/Object; @ 51 c2
Event: 0.429 Thread 0x000002337f264500 DEOPT PACKING pc=0x00000233235093c4 sp=0x000000786d6fa1c0
Event: 0.429 Thread 0x000002337f264500 DEOPT UNPACKING pc=0x0000023322db46a2 sp=0x000000786d6fa138 mode 2
Event: 0.430 Thread 0x000002337f264500 Uncommon trap: trap_request=0xffffffde fr.pc=0x00000233235093c4 relative=0x0000000000000124
Event: 0.430 Thread 0x000002337f264500 Uncommon trap: reason=class_check action=maybe_recompile pc=0x00000233235093c4 method=jdk.internal.misc.Unsafe.allocateUninitializedArray(Ljava/lang/Class;I)Ljava/lang/Object; @ 51 c2
Event: 0.430 Thread 0x000002337f264500 DEOPT PACKING pc=0x00000233235093c4 sp=0x000000786d6fa130
Event: 0.430 Thread 0x000002337f264500 DEOPT UNPACKING pc=0x0000023322db46a2 sp=0x000000786d6fa0a8 mode 2
Event: 0.457 Thread 0x000002337f264500 Uncommon trap: trap_request=0xffffff45 fr.pc=0x000002332350decc relative=0x00000000000006ac
Event: 0.457 Thread 0x000002337f264500 Uncommon trap: reason=unstable_if action=reinterpret pc=0x000002332350decc method=java.util.regex.Pattern$Start.match(Ljava/util/regex/Matcher;ILjava/lang/CharSequence;)Z @ 10 c2
Event: 0.457 Thread 0x000002337f264500 DEOPT PACKING pc=0x000002332350decc sp=0x000000786d6fa320
Event: 0.457 Thread 0x000002337f264500 DEOPT UNPACKING pc=0x0000023322db46a2 sp=0x000000786d6fa270 mode 2
Event: 0.479 Thread 0x000002337f264500 Uncommon trap: trap_request=0xffffff45 fr.pc=0x00000233234db170 relative=0x0000000000000850
Event: 0.479 Thread 0x000002337f264500 Uncommon trap: reason=unstable_if action=reinterpret pc=0x00000233234db170 method=java.util.zip.ZipFile$Source.checkAndAddEntry(II)I @ 50 c2
Event: 0.479 Thread 0x000002337f264500 DEOPT PACKING pc=0x00000233234db170 sp=0x000000786d6faa20
Event: 0.479 Thread 0x000002337f264500 DEOPT UNPACKING pc=0x0000023322db46a2 sp=0x000000786d6fa990 mode 2
Event: 0.484 Thread 0x000002337f264500 Uncommon trap: trap_request=0xffffff45 fr.pc=0x0000023323511768 relative=0x0000000000000288
Event: 0.484 Thread 0x000002337f264500 Uncommon trap: reason=unstable_if action=reinterpret pc=0x0000023323511768 method=sun.util.locale.LocaleUtils.caseIgnoreMatch(Ljava/lang/String;Ljava/lang/String;)Z @ 17 c2
Event: 0.484 Thread 0x000002337f264500 DEOPT PACKING pc=0x0000023323511768 sp=0x000000786d6fb670
Event: 0.484 Thread 0x000002337f264500 DEOPT UNPACKING pc=0x0000023322db46a2 sp=0x000000786d6fb618 mode 2

Classes loaded (20 events):
Event: 0.473 Loading class java/util/ImmutableCollections$Access$1
Event: 0.473 Loading class jdk/internal/access/JavaUtilCollectionAccess
Event: 0.473 Loading class jdk/internal/access/JavaUtilCollectionAccess done
Event: 0.473 Loading class java/util/ImmutableCollections$Access$1 done
Event: 0.474 Loading class java/util/ResourceBundle$CacheKey
Event: 0.474 Loading class java/util/ResourceBundle$CacheKey done
Event: 0.475 Loading class java/util/ResourceBundle$KeyElementReference
Event: 0.475 Loading class java/util/ResourceBundle$CacheKeyReference
Event: 0.475 Loading class java/util/ResourceBundle$CacheKeyReference done
Event: 0.475 Loading class java/util/ResourceBundle$KeyElementReference done
Event: 0.476 Loading class java/util/PropertyResourceBundle
Event: 0.476 Loading class java/util/PropertyResourceBundle done
Event: 0.477 Loading class sun/util/PropertyResourceBundleCharset
Event: 0.477 Loading class sun/util/PropertyResourceBundleCharset done
Event: 0.477 Loading class sun/util/PropertyResourceBundleCharset$PropertiesFileDecoder
Event: 0.477 Loading class sun/util/PropertyResourceBundleCharset$PropertiesFileDecoder done
Event: 0.477 Loading class sun/nio/cs/StreamDecoder
Event: 0.477 Loading class sun/nio/cs/StreamDecoder done
Event: 0.478 Loading class java/util/ResourceBundle$BundleReference
Event: 0.478 Loading class java/util/ResourceBundle$BundleReference done

Classes unloaded (0 events):
No events

Classes redefined (0 events):
No events

Internal exceptions (20 events):
Event: 0.528 Thread 0x000002337f264500 Exception <a 'java/lang/ClassNotFoundException'{0x0000000620cc1ed8}: com/sun/glass/ui/win/themes_dje_Latn_NE> (0x0000000620cc1ed8) 
thrown [s\src\hotspot\share\prims\jni.cpp, line 539]
Event: 0.528 Thread 0x000002337f264500 Exception <a 'java/lang/ClassNotFoundException'{0x0000000620cc32b8}: com/sun/glass/ui/win/themes_ar_IL> (0x0000000620cc32b8) 
thrown [s\src\hotspot\share\prims\jni.cpp, line 539]
Event: 0.528 Thread 0x000002337f264500 Exception <a 'java/lang/ClassNotFoundException'{0x0000000620cc4600}: com/sun/glass/ui/win/themes_mgh> (0x0000000620cc4600) 
thrown [s\src\hotspot\share\prims\jni.cpp, line 539]
Event: 0.528 Thread 0x000002337f264500 Exception <a 'java/lang/ClassNotFoundException'{0x0000000620cc5988}: com/sun/glass/ui/win/themes_bgc> (0x0000000620cc5988) 
thrown [s\src\hotspot\share\prims\jni.cpp, line 539]
Event: 0.529 Thread 0x000002337f264500 Exception <a 'java/lang/ClassNotFoundException'{0x0000000620cc6ae0}: com/sun/glass/ui/win/themes_bgc_IN> (0x0000000620cc6ae0) 
thrown [s\src\hotspot\share\prims\jni.cpp, line 539]
Event: 0.529 Thread 0x000002337f264500 Exception <a 'java/lang/ClassNotFoundException'{0x0000000620cc7e88}: com/sun/glass/ui/win/themes_or> (0x0000000620cc7e88) 
thrown [s\src\hotspot\share\prims\jni.cpp, line 539]
Event: 0.529 Thread 0x000002337f264500 Exception <a 'java/lang/ClassNotFoundException'{0x0000000620cc8fd8}: com/sun/glass/ui/win/themes_or_IN> (0x0000000620cc8fd8) 
thrown [s\src\hotspot\share\prims\jni.cpp, line 539]
Event: 0.529 Thread 0x000002337f264500 Exception <a 'java/lang/ClassNotFoundException'{0x0000000620ccafc8}: com/sun/glass/ui/win/themes_bgc_Deva> (0x0000000620ccafc8) 
thrown [s\src\hotspot\share\prims\jni.cpp, line 539]
Event: 0.529 Thread 0x000002337f264500 Exception <a 'java/lang/ClassNotFoundException'{0x0000000620ccc140}: com/sun/glass/ui/win/themes_bgc_Deva_IN> (0x0000000620ccc140) 
thrown [s\src\hotspot\share\prims\jni.cpp, line 539]
Event: 0.530 Thread 0x000002337f264500 Exception <a 'java/lang/ClassNotFoundException'{0x0000000620ccd510}: com/sun/glass/ui/win/themes_oc> (0x0000000620ccd510) 
thrown [s\src\hotspot\share\prims\jni.cpp, line 539]
Event: 0.530 Thread 0x000002337f264500 Exception <a 'java/lang/ClassNotFoundException'{0x0000000620cce660}: com/sun/glass/ui/win/themes_oc_ES> (0x0000000620cce660) 
thrown [s\src\hotspot\share\prims\jni.cpp, line 539]
Event: 0.530 Thread 0x000002337f264500 Exception <a 'java/lang/ClassNotFoundException'{0x0000000620ccfb90}: com/sun/glass/ui/win/themes_ps> (0x0000000620ccfb90) 
thrown [s\src\hotspot\share\prims\jni.cpp, line 539]
Event: 0.530 Thread 0x000002337f264500 Exception <a 'java/lang/ClassNotFoundException'{0x0000000620cd0ce0}: com/sun/glass/ui/win/themes_ps_AF> (0x0000000620cd0ce0) 
thrown [s\src\hotspot\share\prims\jni.cpp, line 539]
Event: 0.531 Thread 0x000002337f264500 Exception <a 'java/lang/ClassNotFoundException'{0x0000000620cd1e40}: com/sun/glass/ui/win/themes_ps_Arab> (0x0000000620cd1e40) 
thrown [s\src\hotspot\share\prims\jni.cpp, line 539]
Event: 0.531 Thread 0x000002337f264500 Exception <a 'java/lang/ClassNotFoundException'{0x0000000620cd2fb8}: com/sun/glass/ui/win/themes_ps_Arab_AF> (0x0000000620cd2fb8) 
thrown [s\src\hotspot\share\prims\jni.cpp, line 539]
Event: 0.531 Thread 0x000002337f264500 Exception <a 'java/lang/ClassNotFoundException'{0x0000000620cd4578}: com/sun/glass/ui/win/themes_az_Latn> (0x0000000620cd4578) 
thrown [s\src\hotspot\share\prims\jni.cpp, line 539]
Event: 0.531 Thread 0x000002337f264500 Exception <a 'java/lang/ClassNotFoundException'{0x0000000620cd58d8}: com/sun/glass/ui/win/themes_lag> (0x0000000620cd58d8) 
thrown [s\src\hotspot\share\prims\jni.cpp, line 539]
Event: 0.531 Thread 0x000002337f264500 Exception <a 'java/lang/ClassNotFoundException'{0x0000000620cd6c70}: com/sun/glass/ui/win/themes_ar_SY> (0x0000000620cd6c70) 
thrown [s\src\hotspot\share\prims\jni.cpp, line 539]
Event: 0.531 Thread 0x000002337f264500 Exception <a 'java/lang/ClassNotFoundException'{0x0000000620cd81b0}: com/sun/glass/ui/win/themes_luo_KE> (0x0000000620cd81b0) 
thrown [s\src\hotspot\share\prims\jni.cpp, line 539]
Event: 0.532 Thread 0x000002337f264500 Exception <a 'java/lang/ClassNotFoundException'{0x0000000620cd9328}: com/sun/glass/ui/win/themes_luo_Latn> (0x0000000620cd9328) 
thrown [s\src\hotspot\share\prims\jni.cpp, line 539]

ZGC Phase Switch (0 events):
No events

VM Operations (10 events):
Event: 0.064 Executing VM operation: HandshakeAllThreads (Deoptimize)
Event: 0.064 Executing VM operation: HandshakeAllThreads (Deoptimize) done
Event: 0.084 Executing VM operation: HandshakeAllThreads (Deoptimize)
Event: 0.084 Executing VM operation: HandshakeAllThreads (Deoptimize) done
Event: 0.319 Executing VM operation: HandshakeAllThreads (Deoptimize)
Event: 0.319 Executing VM operation: HandshakeAllThreads (Deoptimize) done
Event: 0.419 Executing VM operation: G1CollectForAllocation (G1 Evacuation Pause)
Event: 0.422 Executing VM operation: G1CollectForAllocation (G1 Evacuation Pause) done
Event: 0.436 Executing VM operation: HandshakeAllThreads (Deoptimize)
Event: 0.436 Executing VM operation: HandshakeAllThreads (Deoptimize) done

Memory protections (0 events):
No events

Nmethod flushes (0 events):
No events

Events (20 events):
Event: 0.030 Thread 0x000002337a08cc90 Thread added: 0x000002337a137290
Event: 0.044 Thread 0x0000023310e5ccb0 Thread added: 0x000002337a1b9980
Event: 0.060 Thread 0x000002337a08cc90 Thread added: 0x000002337a251730
Event: 0.061 Thread 0x000002337a122bf0 Thread added: 0x000002337a251de0
Event: 0.070 Thread 0x000002337a122bf0 Thread added: 0x000002337a349330
Event: 0.071 Thread 0x000002337a0988a0 Thread added: 0x000002337a33dad0
Event: 0.071 Thread 0x000002337a0988a0 Thread added: 0x000002337a33e180
Event: 0.091 Thread 0x0000023310e5ccb0 Thread added: 0x000002337a69bf70
Event: 0.284 Thread 0x0000023310e5ccb0 Thread added: 0x000002337abf1fa0
Event: 0.326 Thread 0x0000023310e5ccb0 Thread added: 0x000002337f234eb0
Event: 0.328 Thread 0x0000023310e5ccb0 Thread added: 0x000002337f264500
Event: 0.391 Thread 0x000002337a33e180 Thread exited: 0x000002337a33e180
Event: 0.392 Thread 0x000002337a33dad0 Thread exited: 0x000002337a33dad0
Event: 0.410 Thread 0x0000023310e5ccb0 Thread added: 0x000002337f8c4450
Event: 0.423 Thread 0x000002337f8ea5f0 Thread added: 0x000002337f8ea5f0
Event: 0.449 Thread 0x000002337a08cc90 Thread added: 0x000002337f9e6d60
Event: 0.453 Thread 0x000002337a251730 Thread added: 0x000002337fb5b330
Event: 0.453 Thread 0x000002337a251730 Thread added: 0x000002337f9b9c60
Event: 0.470 Thread 0x000002337f9b9c60 Thread added: 0x000002337fab9200
Event: 0.474 Thread 0x000002337a08cc90 Thread added: 0x000002337fdcd6d0


Dynamic libraries:
0x00007ff686a80000 - 0x00007ff686a8e000 	C:\Program Files\Microsoft\jdk-21.0.4.7-hotspot\bin\java.exe
0x00007ff8381f0000 - 0x00007ff838407000 	C:\Windows\SYSTEM32\ntdll.dll
0x00007ff837350000 - 0x00007ff837414000 	C:\Windows\System32\KERNEL32.DLL
0x00007ff835850000 - 0x00007ff835c21000 	C:\Windows\System32\KERNELBASE.dll
0x00007ff835360000 - 0x00007ff835471000 	C:\Windows\System32\ucrtbase.dll
0x00007ff816e20000 - 0x00007ff816e38000 	C:\Program Files\Microsoft\jdk-21.0.4.7-hotspot\bin\jli.dll
0x00007ff816e00000 - 0x00007ff816e1d000 	C:\Program Files\Microsoft\jdk-21.0.4.7-hotspot\bin\VCRUNTIME140.dll
0x00007ff8374d0000 - 0x00007ff837681000 	C:\Windows\System32\USER32.dll
0x00007ff835330000 - 0x00007ff835356000 	C:\Windows\System32\win32u.dll
0x00007ff8192a0000 - 0x00007ff819532000 	C:\Windows\WinSxS\amd64_microsoft.windows.common-controls_6595b64144ccf1df_6.0.22621.4830_none_270fe7d773858e80\COMCTL32.dll
0x00007ff836430000 - 0x00007ff836459000 	C:\Windows\System32\GDI32.dll
0x00007ff837420000 - 0x00007ff8374c7000 	C:\Windows\System32\msvcrt.dll
0x00007ff835cb0000 - 0x00007ff835dcb000 	C:\Windows\System32\gdi32full.dll
0x00007ff835730000 - 0x00007ff8357ca000 	C:\Windows\System32\msvcp_win.dll
0x00007ff837830000 - 0x00007ff837861000 	C:\Windows\System32\IMM32.DLL
0x00007ff817600000 - 0x00007ff81760c000 	C:\Program Files\Microsoft\jdk-21.0.4.7-hotspot\bin\vcruntime140_1.dll
0x00007ff8131e0000 - 0x00007ff81326d000 	C:\Program Files\Microsoft\jdk-21.0.4.7-hotspot\bin\msvcp140.dll
0x00007fff44630000 - 0x00007fff453c0000 	C:\Program Files\Microsoft\jdk-21.0.4.7-hotspot\bin\server\jvm.dll
0x00007ff837a40000 - 0x00007ff837af1000 	C:\Windows\System32\ADVAPI32.dll
0x00007ff837780000 - 0x00007ff837827000 	C:\Windows\System32\sechost.dll
0x00007ff835e90000 - 0x00007ff835eb8000 	C:\Windows\System32\bcrypt.dll
0x00007ff837070000 - 0x00007ff837184000 	C:\Windows\System32\RPCRT4.dll
0x00007ff8364e0000 - 0x00007ff836551000 	C:\Windows\System32\WS2_32.dll
0x00007ff8341e0000 - 0x00007ff83422d000 	C:\Windows\SYSTEM32\POWRPROF.dll
0x00007ff82b340000 - 0x00007ff82b34a000 	C:\Windows\SYSTEM32\VERSION.dll
0x00007ff82da10000 - 0x00007ff82da44000 	C:\Windows\SYSTEM32\WINMM.dll
0x00007ff8341c0000 - 0x00007ff8341d3000 	C:\Windows\SYSTEM32\UMPDC.dll
0x00007ff834470000 - 0x00007ff834488000 	C:\Windows\SYSTEM32\kernel.appcore.dll
0x00007ff8155c0000 - 0x00007ff8155ca000 	C:\Program Files\Microsoft\jdk-21.0.4.7-hotspot\bin\jimage.dll
0x00007ff82cac0000 - 0x00007ff82ccf2000 	C:\Windows\SYSTEM32\DBGHELP.DLL
0x00007ff835ff0000 - 0x00007ff836380000 	C:\Windows\System32\combase.dll
0x00007ff8376a0000 - 0x00007ff837777000 	C:\Windows\System32\OLEAUT32.dll
0x00007ff818a60000 - 0x00007ff818a92000 	C:\Windows\SYSTEM32\dbgcore.DLL
0x00007ff8357d0000 - 0x00007ff83584b000 	C:\Windows\System32\bcryptPrimitives.dll
0x00007ff814760000 - 0x00007ff814780000 	C:\Program Files\Microsoft\jdk-21.0.4.7-hotspot\bin\java.dll
0x00007ff8367c0000 - 0x00007ff837048000 	C:\Windows\System32\SHELL32.dll
0x00007ff8355f0000 - 0x00007ff83572f000 	C:\Windows\System32\wintypes.dll
0x00007ff833290000 - 0x00007ff833b9d000 	C:\Windows\SYSTEM32\windows.storage.dll
0x00007ff836560000 - 0x00007ff83666a000 	C:\Windows\System32\SHCORE.dll
0x00007ff8366d0000 - 0x00007ff83672e000 	C:\Windows\System32\shlwapi.dll
0x00007ff835260000 - 0x00007ff83528b000 	C:\Windows\SYSTEM32\profapi.dll
0x00007ff813100000 - 0x00007ff8131d7000 	C:\Program Files\Microsoft\jdk-21.0.4.7-hotspot\bin\jsvml.dll
0x00007ff814ff0000 - 0x00007ff815000000 	C:\Program Files\Microsoft\jdk-21.0.4.7-hotspot\bin\net.dll
0x00007ff830d70000 - 0x00007ff830e9c000 	C:\Windows\SYSTEM32\WINHTTP.dll
0x00007ff8348e0000 - 0x00007ff83494a000 	C:\Windows\system32\mswsock.dll
0x00007ff812ee0000 - 0x00007ff812ef6000 	C:\Program Files\Microsoft\jdk-21.0.4.7-hotspot\bin\nio.dll
0x00007ff814740000 - 0x00007ff814758000 	C:\Program Files\Microsoft\jdk-21.0.4.7-hotspot\bin\zip.dll
0x0000023311030000 - 0x0000023311033000 	C:\Users\Candi\.openjfx\cache\23.0.2+3\amd64\api-ms-win-core-console-l1-1-0.dll
0x0000023311040000 - 0x0000023311043000 	C:\Users\Candi\.openjfx\cache\23.0.2+3\amd64\api-ms-win-core-console-l1-2-0.dll
0x0000023311050000 - 0x0000023311053000 	C:\Users\Candi\.openjfx\cache\23.0.2+3\amd64\api-ms-win-core-datetime-l1-1-0.dll
0x0000023311060000 - 0x0000023311063000 	C:\Users\Candi\.openjfx\cache\23.0.2+3\amd64\api-ms-win-core-debug-l1-1-0.dll
0x0000023311070000 - 0x0000023311073000 	C:\Users\Candi\.openjfx\cache\23.0.2+3\amd64\api-ms-win-core-errorhandling-l1-1-0.dll
0x0000023313140000 - 0x0000023313144000 	C:\Users\Candi\.openjfx\cache\23.0.2+3\amd64\api-ms-win-core-file-l1-1-0.dll
0x0000023313150000 - 0x0000023313153000 	C:\Users\Candi\.openjfx\cache\23.0.2+3\amd64\api-ms-win-core-file-l1-2-0.dll
0x0000023313160000 - 0x0000023313163000 	C:\Users\Candi\.openjfx\cache\23.0.2+3\amd64\api-ms-win-core-file-l2-1-0.dll
0x0000023313170000 - 0x0000023313173000 	C:\Users\Candi\.openjfx\cache\23.0.2+3\amd64\api-ms-win-core-handle-l1-1-0.dll
0x0000023313180000 - 0x0000023313183000 	C:\Users\Candi\.openjfx\cache\23.0.2+3\amd64\api-ms-win-core-heap-l1-1-0.dll
0x0000023313190000 - 0x0000023313193000 	C:\Users\Candi\.openjfx\cache\23.0.2+3\amd64\api-ms-win-core-interlocked-l1-1-0.dll
0x00000233131a0000 - 0x00000233131a3000 	C:\Users\Candi\.openjfx\cache\23.0.2+3\amd64\api-ms-win-core-libraryloader-l1-1-0.dll
0x00000233131b0000 - 0x00000233131b3000 	C:\Users\Candi\.openjfx\cache\23.0.2+3\amd64\api-ms-win-core-localization-l1-2-0.dll
0x00000233131c0000 - 0x00000233131c3000 	C:\Users\Candi\.openjfx\cache\23.0.2+3\amd64\api-ms-win-core-memory-l1-1-0.dll
0x00000233131d0000 - 0x00000233131d3000 	C:\Users\Candi\.openjfx\cache\23.0.2+3\amd64\api-ms-win-core-namedpipe-l1-1-0.dll
0x00000233131e0000 - 0x00000233131e3000 	C:\Users\Candi\.openjfx\cache\23.0.2+3\amd64\api-ms-win-core-processenvironment-l1-1-0.dll
0x00000233131f0000 - 0x00000233131f3000 	C:\Users\Candi\.openjfx\cache\23.0.2+3\amd64\api-ms-win-core-processthreads-l1-1-0.dll
0x0000023338cb0000 - 0x0000023338cb3000 	C:\Users\Candi\.openjfx\cache\23.0.2+3\amd64\api-ms-win-core-processthreads-l1-1-1.dll
0x0000023338cc0000 - 0x0000023338cc3000 	C:\Users\Candi\.openjfx\cache\23.0.2+3\amd64\api-ms-win-core-profile-l1-1-0.dll
0x0000023338cd0000 - 0x0000023338cd3000 	C:\Users\Candi\.openjfx\cache\23.0.2+3\amd64\api-ms-win-core-rtlsupport-l1-1-0.dll
0x0000023338ce0000 - 0x0000023338ce3000 	C:\Users\Candi\.openjfx\cache\23.0.2+3\amd64\api-ms-win-core-string-l1-1-0.dll
0x0000023338cf0000 - 0x0000023338cf3000 	C:\Users\Candi\.openjfx\cache\23.0.2+3\amd64\api-ms-win-core-synch-l1-1-0.dll
0x0000023338d00000 - 0x0000023338d03000 	C:\Users\Candi\.openjfx\cache\23.0.2+3\amd64\api-ms-win-core-synch-l1-2-0.dll
0x0000023338d10000 - 0x0000023338d13000 	C:\Users\Candi\.openjfx\cache\23.0.2+3\amd64\api-ms-win-core-sysinfo-l1-1-0.dll
0x0000023338d20000 - 0x0000023338d23000 	C:\Users\Candi\.openjfx\cache\23.0.2+3\amd64\api-ms-win-core-timezone-l1-1-0.dll
0x0000023338d30000 - 0x0000023338d33000 	C:\Users\Candi\.openjfx\cache\23.0.2+3\amd64\api-ms-win-core-util-l1-1-0.dll
0x0000023338d40000 - 0x0000023338d43000 	C:\Users\Candi\.openjfx\cache\23.0.2+3\amd64\api-ms-win-crt-conio-l1-1-0.dll
0x0000023338d50000 - 0x0000023338d54000 	C:\Users\Candi\.openjfx\cache\23.0.2+3\amd64\api-ms-win-crt-convert-l1-1-0.dll
0x0000023338d60000 - 0x0000023338d63000 	C:\Users\Candi\.openjfx\cache\23.0.2+3\amd64\api-ms-win-crt-environment-l1-1-0.dll
0x0000023338d70000 - 0x0000023338d73000 	C:\Users\Candi\.openjfx\cache\23.0.2+3\amd64\api-ms-win-crt-filesystem-l1-1-0.dll
0x0000023338d80000 - 0x0000023338d83000 	C:\Users\Candi\.openjfx\cache\23.0.2+3\amd64\api-ms-win-crt-heap-l1-1-0.dll
0x0000023338d90000 - 0x0000023338d93000 	C:\Users\Candi\.openjfx\cache\23.0.2+3\amd64\api-ms-win-crt-locale-l1-1-0.dll
0x0000023338da0000 - 0x0000023338da5000 	C:\Users\Candi\.openjfx\cache\23.0.2+3\amd64\api-ms-win-crt-math-l1-1-0.dll
0x0000023338db0000 - 0x0000023338db5000 	C:\Users\Candi\.openjfx\cache\23.0.2+3\amd64\api-ms-win-crt-multibyte-l1-1-0.dll
0x0000023338dc0000 - 0x0000023338dd0000 	C:\Users\Candi\.openjfx\cache\23.0.2+3\amd64\api-ms-win-crt-private-l1-1-0.dll
0x0000023338dd0000 - 0x0000023338dd3000 	C:\Users\Candi\.openjfx\cache\23.0.2+3\amd64\api-ms-win-crt-process-l1-1-0.dll
0x0000023338de0000 - 0x0000023338de4000 	C:\Users\Candi\.openjfx\cache\23.0.2+3\amd64\api-ms-win-crt-runtime-l1-1-0.dll
0x0000023338df0000 - 0x0000023338df4000 	C:\Users\Candi\.openjfx\cache\23.0.2+3\amd64\api-ms-win-crt-stdio-l1-1-0.dll
0x0000023338e00000 - 0x0000023338e04000 	C:\Users\Candi\.openjfx\cache\23.0.2+3\amd64\api-ms-win-crt-string-l1-1-0.dll
0x0000023338e10000 - 0x0000023338e13000 	C:\Users\Candi\.openjfx\cache\23.0.2+3\amd64\api-ms-win-crt-time-l1-1-0.dll
0x0000023338e20000 - 0x0000023338e23000 	C:\Users\Candi\.openjfx\cache\23.0.2+3\amd64\api-ms-win-crt-utility-l1-1-0.dll
0x00007fffe7610000 - 0x00007fffe770c000 	C:\Users\Candi\.openjfx\cache\23.0.2+3\amd64\ucrtbase.dll
0x00007ff812fa0000 - 0x00007ff812fbb000 	C:\Users\Candi\.openjfx\cache\23.0.2+3\amd64\vcruntime140.dll
0x00007ff814720000 - 0x00007ff81472c000 	C:\Users\Candi\.openjfx\cache\23.0.2+3\amd64\vcruntime140_1.dll
0x00007fffede90000 - 0x00007fffedf1e000 	C:\Users\Candi\.openjfx\cache\23.0.2+3\amd64\msvcp140.dll
0x00007ff812f90000 - 0x00007ff812f99000 	C:\Users\Candi\.openjfx\cache\23.0.2+3\amd64\msvcp140_1.dll
0x00007ff812f20000 - 0x00007ff812f61000 	C:\Users\Candi\.openjfx\cache\23.0.2+3\amd64\msvcp140_2.dll
0x00007ff812e20000 - 0x00007ff812e50000 	C:\Users\Candi\.openjfx\cache\23.0.2+3\amd64\prism_d3d.dll
0x00007ffffe840000 - 0x00007ffffe9e8000 	C:\Windows\system32\d3d9.dll
0x00007ff832d10000 - 0x00007ff832d3b000 	C:\Windows\SYSTEM32\dwmapi.dll
0x00007ff832ac0000 - 0x00007ff832af7000 	C:\Windows\SYSTEM32\dxcore.dll
0x00007ff8329a0000 - 0x00007ff832a53000 	C:\Windows\system32\uxtheme.dll
0x00007ffffed60000 - 0x00007ffffed80000 	C:\Windows\System32\DriverStore\FileRepository\u0413647.inf_amd64_d320f14af0da075c\B413137\atidx9loader64.dll
0x00007fffa1940000 - 0x00007fffa5734000 	C:\Windows\System32\DriverStore\FileRepository\u0413647.inf_amd64_d320f14af0da075c\B413137\AMDXN64.DLL
0x00007ff837b00000 - 0x00007ff837ca1000 	C:\Windows\System32\ole32.dll
0x00007ff837d30000 - 0x00007ff8381a4000 	C:\Windows\System32\SETUPAPI.dll
0x00007ff832b00000 - 0x00007ff832bf7000 	C:\Windows\SYSTEM32\dxgi.dll
0x00007ff825340000 - 0x00007ff82537b000 	C:\Windows\System32\DriverStore\FileRepository\u0413647.inf_amd64_d320f14af0da075c\B413137\amdihk64.dll
0x00007ff82d660000 - 0x00007ff82d6a9000 	C:\Windows\SYSTEM32\directxdatabasehelper.dll
0x00007ffff3a80000 - 0x00007ffff3ac5000 	C:\Users\Candi\.openjfx\cache\23.0.2+3\amd64\glass.dll
0x00007ff835ec0000 - 0x00007ff835fc2000 	C:\Windows\System32\COMDLG32.dll
0x00007ff837190000 - 0x00007ff8372ed000 	C:\Windows\System32\MSCTF.dll
0x00007ff836380000 - 0x00007ff836430000 	C:\Windows\System32\clbcatq.dll
0x00007ff821f70000 - 0x00007ff8220ed000 	C:\Windows\System32\Windows.UI.dll
0x00007ff81f850000 - 0x00007ff81f9c5000 	C:\Windows\System32\Windows.UI.Immersive.dll

dbghelp: loaded successfully - version: 4.0.5 - missing functions: none
symbol engine: initialized successfully - sym options: 0x614 - pdb path: .;C:\Program Files\Microsoft\jdk-21.0.4.7-hotspot\bin;C:\Windows\SYSTEM32;C:\Windows\WinSxS\amd64_microsoft.windows.common-controls_6595b64144ccf1df_6.0.22621.4830_none_270fe7d773858e80;C:\Program Files\Microsoft\jdk-21.0.4.7-hotspot\bin\server;C:\Users\Candi\.openjfx\cache\23.0.2+3\amd64;C:\Windows\System32\DriverStore\FileRepository\u0413647.inf_amd64_d320f14af0da075c\B413137

VM Arguments:
jvm_args: --module-path=C:\Users\Candi\.m2\repository\org\openjfx\javafx-base\23.0.2\javafx-base-23.0.2-win.jar;C:\Users\Candi\.m2\repository\org\openjfx\javafx-base\23.0.2\javafx-base-23.0.2.jar;C:\Users\Candi\.m2\repository\org\openjfx\javafx-controls\23.0.2\javafx-controls-23.0.2-win.jar;C:\Users\Candi\.m2\repository\org\openjfx\javafx-controls\23.0.2\javafx-controls-23.0.2.jar;C:\Users\Candi\.m2\repository\org\openjfx\javafx-fxml\21\javafx-fxml-21-win.jar;C:\Users\Candi\.m2\repository\org\openjfx\javafx-fxml\21\javafx-fxml-21.jar;C:\Users\Candi\.m2\repository\org\openjfx\javafx-graphics\23.0.2\javafx-graphics-23.0.2-win.jar;C:\Users\Candi\.m2\repository\org\openjfx\javafx-graphics\23.0.2\javafx-graphics-23.0.2.jar --add-modules=javafx.base,javafx.controls,javafx.fxml,javafx.graphics 
java_command: org.app.Main
java_class_path (initial): C:\Capstone Java\CEC\target\classes;C:\Users\Candi\.m2\repository\com\github\jiconfont\jiconfont\1.0.0\jiconfont-1.0.0.jar;C:\Users\Candi\.m2\repository\com\github\jiconfont\jiconfont-javafx\1.0.0\jiconfont-javafx-1.0.0.jar;C:\Users\Candi\.m2\repository\junit\junit\4.13.1\junit-4.13.1.jar;C:\Users\Candi\.m2\repository\org\hamcrest\hamcrest-core\1.3\hamcrest-core-1.3.jar;C:\Users\Candi\.m2\repository\org\xerial\sqlite-jdbc\3.42.0.0\sqlite-jdbc-3.42.0.0.jar;C:\Users\Candi\.m2\repository\site\kason\dbutil\2.1.0\dbutil-2.1.0.jar;C:\Users\Candi\.m2\repository\site\kason\kalang\kalang-runtime\1.10.0\kalang-runtime-1.10.0.jar
Launcher Type: SUN_STANDARD

[Global flags]
     intx CICompilerCount                          = 12                                        {product} {ergonomic}
     uint ConcGCThreads                            = 5                                         {product} {ergonomic}
     uint G1ConcRefinementThreads                  = 18                                        {product} {ergonomic}
   size_t G1HeapRegionSize                         = 4194304                                   {product} {ergonomic}
    uintx GCDrainStackTargetSize                   = 64                                        {product} {ergonomic}
   size_t InitialHeapSize                          = 536870912                                 {product} {ergonomic}
   size_t MarkStackSize                            = 4194304                                   {product} {ergonomic}
   size_t MaxHeapSize                              = 8564768768                                {product} {ergonomic}
   size_t MaxNewSize                               = 5138022400                                {product} {ergonomic}
   size_t MinHeapDeltaBytes                        = 4194304                                   {product} {ergonomic}
   size_t MinHeapSize                              = 8388608                                   {product} {ergonomic}
    uintx NonNMethodCodeHeapSize                   = 7602480                                {pd product} {ergonomic}
    uintx NonProfiledCodeHeapSize                  = 122027880                              {pd product} {ergonomic}
    uintx ProfiledCodeHeapSize                     = 122027880                              {pd product} {ergonomic}
    uintx ReservedCodeCacheSize                    = 251658240                              {pd product} {ergonomic}
     bool SegmentedCodeCache                       = true                                      {product} {ergonomic}
   size_t SoftMaxHeapSize                          = 8564768768                             {manageable} {ergonomic}
     bool UseCompressedOops                        = true                           {product lp64_product} {ergonomic}
     bool UseG1GC                                  = true                                      {product} {ergonomic}
     bool UseLargePagesIndividualAllocation        = false                                  {pd product} {ergonomic}

Logging:
Log output configuration:
 #0: stdout all=warning uptime,level,tags foldmultilines=false
 #1: stderr all=off uptime,level,tags foldmultilines=false

Environment Variables:
PATH=C:\Program Files\Microsoft\jdk-21.0.4.7-hotspot\bin;C:\Windows\system32;C:\Windows;C:\Windows\System32\Wbem;C:\Windows\System32\WindowsPowerShell\v1.0\;C:\Windows\System32\OpenSSH\;C:\Program Files (x86)\NVIDIA Corporation\PhysX\Common;C:\Program Files\dotnet\;C:\Program Files (x86)\Microsoft SQL Server\160\Tools\Binn\;C:\Program Files\Microsoft SQL Server\160\Tools\Binn\;C:\Program Files\Microsoft SQL Server\Client SDK\ODBC\170\Tools\Binn\;C:\Program Files\Microsoft SQL Server\160\DTS\Binn\;C:\Program Files (x86)\Microsoft SQL Server\160\DTS\Binn\;C:\Program Files\Git\cmd;C:\Program Files\NVIDIA Corporation\NVIDIA app\NvDLISR;C:\Capstone Java\SQLite;C:\Users\Candi\AppData\Local\Microsoft\WindowsApps;C:\Users\Candi\.dotnet\tools;C:\Users\Candi\AppData\Local\Programs\Microsoft VS Code\bin;C:\Capstone Java\CapstoneProject\apache-maven-3.9.9\bin;
USERNAME=Candi
OS=Windows_NT
PROCESSOR_IDENTIFIER=AMD64 Family 25 Model 33 Stepping 2, AuthenticAMD
TMP=C:\Users\Candi\AppData\Local\Temp
TEMP=C:\Users\Candi\AppData\Local\Temp




Periodic native trim disabled

---------------  S Y S T E M  ---------------

OS:
 Windows 11 , 64 bit Build 22621 (10.0.22621.4974)
OS uptime: 0 days 11:58 hours

CPU: total 24 (initial active 24) (24 cores per cpu, 2 threads per core) family 25 model 33 stepping 2 microcode 0x0, cx8, cmov, fxsr, ht, mmx, 3dnowpref, sse, sse2, sse3, ssse3, sse4a, sse4.1, sse4.2, popcnt, lzcnt, tsc, tscinvbit, avx, avx2, aes, erms, clmul, bmi1, bmi2, adx, sha, fma, vzeroupper, clflush, clflushopt, rdtscp, rdpid, fsrm, f16c, pku, cet_ss
Processor Information for the first 24 processors :
  Max Mhz: 3701, Current Mhz: 3701, Mhz Limit: 3701

Memory: 4k page, system-wide physical 32670M (10387M free)
TotalPageFile size 40670M (AvailPageFile size 4M)
current process WorkingSet (physical memory assigned to process): 157M, peak: 157M
current process commit charge ("private bytes"): 756M, peak: 757M

vm_info: OpenJDK 64-Bit Server VM (21.0.4+7-LTS) for windows-amd64 JRE (21.0.4+7-LTS), built on 2024-07-16T17:40:50Z by "MicrosoftCorporation" with unknown MS VC++:1939

END.
